2018-05-14 16:14:33,522 TRACE [Test worker] m.d.i.c.a.Analytics [Analytics.java:36] Registering new Analytics instance for thread 12
2018-05-14 16:14:33,846 TRACE [Thread-12] m.d.i.c.a.Analytics [Analytics.java:36] Registering new Analytics instance for thread 31
2018-05-14 16:14:33,866 TRACE [Thread-12] m.d.i.c.a.Analytics [Analytics.java:47] Registering Analytics instance from thread 31 to thread 32
2018-05-14 16:14:33,866 TRACE [Thread-12] m.d.i.c.a.Analytics [Analytics.java:47] Registering Analytics instance from thread 31 to thread 33
2018-05-14 16:14:33,891 TRACE [Thread-12] m.d.i.c.a.Analytics [Analytics.java:47] Registering Analytics instance from thread 31 to thread 34
2018-05-14 16:14:33,892 TRACE [Thread-12] m.d.i.c.a.Analytics [Analytics.java:47] Registering Analytics instance from thread 31 to thread 35
2018-05-14 16:14:33,894 TRACE [Thread-17] m.d.i.c.a.Analytics [Analytics.java:36] Registering new Analytics instance for thread 36
2018-05-14 16:14:33,897 TRACE [Thread-17] m.d.i.c.a.Analytics [Analytics.java:47] Registering Analytics instance from thread 36 to thread 37
2018-05-14 16:14:33,898 TRACE [Thread-17] m.d.i.c.a.Analytics [Analytics.java:47] Registering Analytics instance from thread 36 to thread 38
2018-05-14 16:14:33,899 TRACE [Thread-17] m.d.i.c.a.Analytics [Analytics.java:47] Registering Analytics instance from thread 36 to thread 39
2018-05-14 16:14:33,900 TRACE [Thread-17] m.d.i.c.a.Analytics [Analytics.java:47] Registering Analytics instance from thread 36 to thread 40
2018-05-14 16:14:33,901 TRACE [Thread-22] m.d.i.c.a.Analytics [Analytics.java:36] Registering new Analytics instance for thread 41
2018-05-14 16:14:33,903 TRACE [Thread-22] m.d.i.c.a.Analytics [Analytics.java:47] Registering Analytics instance from thread 41 to thread 42
2018-05-14 16:14:33,904 TRACE [Thread-22] m.d.i.c.a.Analytics [Analytics.java:47] Registering Analytics instance from thread 41 to thread 43
2018-05-14 16:14:33,905 TRACE [Thread-22] m.d.i.c.a.Analytics [Analytics.java:47] Registering Analytics instance from thread 41 to thread 44
2018-05-14 16:14:33,905 TRACE [Thread-22] m.d.i.c.a.Analytics [Analytics.java:47] Registering Analytics instance from thread 41 to thread 45
2018-05-14 16:14:33,917 INFO [Thread-20] c.b.a.s.SAIntentCLIReceiver [SAIntentCLIReceiver.java:20] Sending location: (61.63669032524293, 56.46493136461287)
2018-05-14 16:14:33,918 INFO [Thread-15] c.b.a.s.SAIntentCLIReceiver [SAIntentCLIReceiver.java:20] Sending location: (61.63669032524293, 56.46493136461287)
2018-05-14 16:14:33,918 INFO [Thread-25] c.b.a.s.SAIntentCLIReceiver [SAIntentCLIReceiver.java:20] Sending location: (61.63669032524293, 56.46493136461287)
2018-05-14 16:14:34,112 INFO [Thread-13] c.b.a.s.SAIntentCLIReceiver [SAIntentCLIReceiver.java:38] Received Client1's location (61.63669032524293, 56.46493136461287)
2018-05-14 16:14:34,160 INFO [Thread-13] c.b.a.s.SAIntentCLIReceiver [SAIntentCLIReceiver.java:38] Received Client2's location (61.63669032524293, 56.46493136461287)
2018-05-14 16:14:34,160 INFO [Thread-18] c.b.a.s.SAIntentCLIReceiver [SAIntentCLIReceiver.java:38] Received Client2's location (61.63669032524293, 56.46493136461287)
2018-05-14 16:14:34,923 INFO [Thread-20] c.b.a.s.SAIntentCLIReceiver [SAIntentCLIReceiver.java:20] Sending location: (61.63569032524293, 56.46493136461287)
2018-05-14 16:14:34,923 INFO [Thread-15] c.b.a.s.SAIntentCLIReceiver [SAIntentCLIReceiver.java:20] Sending location: (61.63569032524293, 56.46493136461287)
2018-05-14 16:14:34,925 INFO [Thread-25] c.b.a.s.SAIntentCLIReceiver [SAIntentCLIReceiver.java:20] Sending location: (61.63569032524293, 56.46493136461287)
2018-05-14 16:14:34,935 INFO [Thread-23] c.b.a.s.SAIntentCLIReceiver [SAIntentCLIReceiver.java:38] Received Client1's location (61.63569032524293, 56.46493136461287)
2018-05-14 16:14:34,936 INFO [Thread-18] c.b.a.s.SAIntentCLIReceiver [SAIntentCLIReceiver.java:38] Received Client0's location (61.63569032524293, 56.46493136461287)
2018-05-14 16:14:34,938 INFO [Thread-23] c.b.a.s.SAIntentCLIReceiver [SAIntentCLIReceiver.java:38] Received Client0's location (61.63569032524293, 56.46493136461287)
2018-05-14 16:14:34,939 INFO [Thread-13] c.b.a.s.SAIntentCLIReceiver [SAIntentCLIReceiver.java:38] Received Client1's location (61.63569032524293, 56.46493136461287)
2018-05-14 16:14:34,944 INFO [Thread-13] c.b.a.s.SAIntentCLIReceiver [SAIntentCLIReceiver.java:38] Received Client2's location (61.63569032524293, 56.46493136461287)
2018-05-14 16:14:34,945 INFO [Thread-18] c.b.a.s.SAIntentCLIReceiver [SAIntentCLIReceiver.java:38] Received Client2's location (61.63569032524293, 56.46493136461287)
2018-05-14 16:14:35,007 INFO [Thread-16] c.b.a.s.SAIntentCLIReceiver [SAIntentCLIReceiver.java:26] Sending Image sample_image.jpg with location (61.63669032524293, 56.46493136461287)
2018-05-14 16:14:35,007 INFO [Thread-26] c.b.a.s.SAIntentCLIReceiver [SAIntentCLIReceiver.java:26] Sending Image sample_image.jpg with location (61.63669032524293, 56.46493136461287)
2018-05-14 16:14:35,007 INFO [Thread-21] c.b.a.s.SAIntentCLIReceiver [SAIntentCLIReceiver.java:26] Sending Image sample_image.jpg with location (61.63669032524293, 56.46493136461287)
2018-05-14 16:14:35,058 INFO [pool-2-thread-3] c.b.m.i.p.TcpTransportToCotChannelData [TcpTransportToCotChannelData.java:48] Wrote image to '/Users/awellman/Documents/workspaces/clean/immortals/repo/staging/immortals_root/applications/server/Marti/build/test-temp/martiStorageDirectory/image-1.jpg'.
2018-05-14 16:14:35,058 INFO [pool-2-thread-2] c.b.m.i.p.TcpTransportToCotChannelData [TcpTransportToCotChannelData.java:48] Wrote image to '/Users/awellman/Documents/workspaces/clean/immortals/repo/staging/immortals_root/applications/server/Marti/build/test-temp/martiStorageDirectory/image-0.jpg'.
2018-05-14 16:14:35,058 INFO [pool-2-thread-1] c.b.m.i.p.TcpTransportToCotChannelData [TcpTransportToCotChannelData.java:48] Wrote image to '/Users/awellman/Documents/workspaces/clean/immortals/repo/staging/immortals_root/applications/server/Marti/build/test-temp/martiStorageDirectory/image-2.jpg'.
2018-05-14 16:14:35,180 INFO [Thread-23] c.b.a.s.SAIntentCLIReceiver [SAIntentCLIReceiver.java:46] Received Client0's image Client0-1526328875180.jpg with location (61.63669032524293, 56.46493136461287)
2018-05-14 16:14:35,180 INFO [Thread-18] c.b.a.s.SAIntentCLIReceiver [SAIntentCLIReceiver.java:46] Received Client0's image Client0-1526328875180.jpg with location (61.63669032524293, 56.46493136461287)
2018-05-14 16:14:35,202 INFO [Thread-23] c.b.a.s.SAIntentCLIReceiver [SAIntentCLIReceiver.java:46] Received Client1's image Client1-1526328875201.jpg with location (61.63669032524293, 56.46493136461287)
2018-05-14 16:14:35,202 INFO [Thread-13] c.b.a.s.SAIntentCLIReceiver [SAIntentCLIReceiver.java:46] Received Client1's image Client1-1526328875201.jpg with location (61.63669032524293, 56.46493136461287)
2018-05-14 16:14:35,219 INFO [Thread-18] c.b.a.s.SAIntentCLIReceiver [SAIntentCLIReceiver.java:46] Received Client2's image Client2-1526328875219.jpg with location (61.63669032524293, 56.46493136461287)
2018-05-14 16:14:35,223 INFO [Thread-13] c.b.a.s.SAIntentCLIReceiver [SAIntentCLIReceiver.java:46] Received Client2's image Client2-1526328875222.jpg with location (61.63669032524293, 56.46493136461287)
2018-05-14 16:14:35,222 INFO [Test worker] m.d.i.a.v.ValidatorManager [ValidatorManager.java:89] ValidatorManager: Shutdown
2018-06-01 14:07:43,082 TRACE [Test worker] m.d.i.c.a.Analytics [Analytics.java:36] Registering new Analytics instance for thread 12
2018-06-01 14:07:43,304 TRACE [Thread-12] m.d.i.c.a.Analytics [Analytics.java:36] Registering new Analytics instance for thread 31
2018-06-01 14:07:43,316 TRACE [Thread-12] m.d.i.c.a.Analytics [Analytics.java:47] Registering Analytics instance from thread 31 to thread 32
2018-06-01 14:07:43,317 TRACE [Thread-12] m.d.i.c.a.Analytics [Analytics.java:47] Registering Analytics instance from thread 31 to thread 33
2018-06-01 14:07:43,335 TRACE [Thread-12] m.d.i.c.a.Analytics [Analytics.java:47] Registering Analytics instance from thread 31 to thread 34
2018-06-01 14:07:43,336 TRACE [Thread-12] m.d.i.c.a.Analytics [Analytics.java:47] Registering Analytics instance from thread 31 to thread 35
2018-06-01 14:07:43,337 TRACE [Thread-17] m.d.i.c.a.Analytics [Analytics.java:36] Registering new Analytics instance for thread 36
2018-06-01 14:07:43,339 TRACE [Thread-17] m.d.i.c.a.Analytics [Analytics.java:47] Registering Analytics instance from thread 36 to thread 37
2018-06-01 14:07:43,340 TRACE [Thread-17] m.d.i.c.a.Analytics [Analytics.java:47] Registering Analytics instance from thread 36 to thread 38
2018-06-01 14:07:43,340 TRACE [Thread-17] m.d.i.c.a.Analytics [Analytics.java:47] Registering Analytics instance from thread 36 to thread 39
2018-06-01 14:07:43,341 TRACE [Thread-17] m.d.i.c.a.Analytics [Analytics.java:47] Registering Analytics instance from thread 36 to thread 40
2018-06-01 14:07:43,343 TRACE [Thread-22] m.d.i.c.a.Analytics [Analytics.java:36] Registering new Analytics instance for thread 41
2018-06-01 14:07:43,344 TRACE [Thread-22] m.d.i.c.a.Analytics [Analytics.java:47] Registering Analytics instance from thread 41 to thread 42
2018-06-01 14:07:43,345 TRACE [Thread-22] m.d.i.c.a.Analytics [Analytics.java:47] Registering Analytics instance from thread 41 to thread 43
2018-06-01 14:07:43,345 TRACE [Thread-22] m.d.i.c.a.Analytics [Analytics.java:47] Registering Analytics instance from thread 41 to thread 44
2018-06-01 14:07:43,346 TRACE [Thread-22] m.d.i.c.a.Analytics [Analytics.java:47] Registering Analytics instance from thread 41 to thread 45
2018-06-01 14:07:43,355 INFO [Thread-20] c.b.a.s.SAIntentCLIReceiver [SAIntentCLIReceiver.java:20] Sending location: (64.32367808569754, 90.85660237517986)
2018-06-01 14:07:43,356 INFO [Thread-15] c.b.a.s.SAIntentCLIReceiver [SAIntentCLIReceiver.java:20] Sending location: (64.32367808569754, 90.85660237517986)
2018-06-01 14:07:43,357 INFO [Thread-25] c.b.a.s.SAIntentCLIReceiver [SAIntentCLIReceiver.java:20] Sending location: (64.32367808569754, 90.85660237517986)
2018-06-01 14:07:43,522 INFO [Thread-13] c.b.a.s.SAIntentCLIReceiver [SAIntentCLIReceiver.java:38] Received Client1's location (64.32367808569754, 90.85660237517986)
2018-06-01 14:07:43,560 INFO [Thread-18] c.b.a.s.SAIntentCLIReceiver [SAIntentCLIReceiver.java:38] Received Client2's location (64.32367808569754, 90.85660237517986)
2018-06-01 14:07:43,560 INFO [Thread-13] c.b.a.s.SAIntentCLIReceiver [SAIntentCLIReceiver.java:38] Received Client2's location (64.32367808569754, 90.85660237517986)
2018-06-01 14:07:44,360 INFO [Thread-20] c.b.a.s.SAIntentCLIReceiver [SAIntentCLIReceiver.java:20] Sending location: (64.32267808569753, 90.85660237517986)
2018-06-01 14:07:44,360 INFO [Thread-25] c.b.a.s.SAIntentCLIReceiver [SAIntentCLIReceiver.java:20] Sending location: (64.32267808569753, 90.85660237517986)
2018-06-01 14:07:44,360 INFO [Thread-15] c.b.a.s.SAIntentCLIReceiver [SAIntentCLIReceiver.java:20] Sending location: (64.32267808569753, 90.85660237517986)
2018-06-01 14:07:44,370 INFO [Thread-23] c.b.a.s.SAIntentCLIReceiver [SAIntentCLIReceiver.java:38] Received Client1's location (64.32267808569753, 90.85660237517986)
2018-06-01 14:07:44,370 INFO [Thread-13] c.b.a.s.SAIntentCLIReceiver [SAIntentCLIReceiver.java:38] Received Client1's location (64.32267808569753, 90.85660237517986)
2018-06-01 14:07:44,371 INFO [Thread-18] c.b.a.s.SAIntentCLIReceiver [SAIntentCLIReceiver.java:38] Received Client2's location (64.32267808569753, 90.85660237517986)
2018-06-01 14:07:44,373 INFO [Thread-23] c.b.a.s.SAIntentCLIReceiver [SAIntentCLIReceiver.java:38] Received Client0's location (64.32267808569753, 90.85660237517986)
2018-06-01 14:07:44,373 INFO [Thread-13] c.b.a.s.SAIntentCLIReceiver [SAIntentCLIReceiver.java:38] Received Client2's location (64.32267808569753, 90.85660237517986)
2018-06-01 14:07:44,373 INFO [Thread-18] c.b.a.s.SAIntentCLIReceiver [SAIntentCLIReceiver.java:38] Received Client0's location (64.32267808569753, 90.85660237517986)
2018-06-01 14:07:44,423 INFO [Thread-26] c.b.a.s.SAIntentCLIReceiver [SAIntentCLIReceiver.java:26] Sending Image sample_image.jpg with location (64.32367808569754, 90.85660237517986)
2018-06-01 14:07:44,423 INFO [Thread-21] c.b.a.s.SAIntentCLIReceiver [SAIntentCLIReceiver.java:26] Sending Image sample_image.jpg with location (64.32367808569754, 90.85660237517986)
2018-06-01 14:07:44,424 INFO [Thread-16] c.b.a.s.SAIntentCLIReceiver [SAIntentCLIReceiver.java:26] Sending Image sample_image.jpg with location (64.32367808569754, 90.85660237517986)
2018-06-01 14:07:44,455 INFO [pool-2-thread-2] c.b.m.i.p.TcpTransportToCotChannelData [TcpTransportToCotChannelData.java:48] Wrote image to '/Users/awellman/Documents/workspaces/clean/immortals/repo/staging/immortals_root/applications/server/Marti/build/test-temp/martiStorageDirectory/image-1.jpg'.
2018-06-01 14:07:44,455 INFO [pool-2-thread-3] c.b.m.i.p.TcpTransportToCotChannelData [TcpTransportToCotChannelData.java:48] Wrote image to '/Users/awellman/Documents/workspaces/clean/immortals/repo/staging/immortals_root/applications/server/Marti/build/test-temp/martiStorageDirectory/image-2.jpg'.
2018-06-01 14:07:44,455 INFO [pool-2-thread-1] c.b.m.i.p.TcpTransportToCotChannelData [TcpTransportToCotChannelData.java:48] Wrote image to '/Users/awellman/Documents/workspaces/clean/immortals/repo/staging/immortals_root/applications/server/Marti/build/test-temp/martiStorageDirectory/image-0.jpg'.
2018-06-01 14:07:44,541 INFO [Thread-23] c.b.a.s.SAIntentCLIReceiver [SAIntentCLIReceiver.java:46] Received Client1's image Client1-1527876464541.jpg with location (64.32367808569754, 90.85660237517986)
2018-06-01 14:07:44,541 INFO [Thread-13] c.b.a.s.SAIntentCLIReceiver [SAIntentCLIReceiver.java:46] Received Client1's image Client1-1527876464541.jpg with location (64.32367808569754, 90.85660237517986)
2018-06-01 14:07:44,554 INFO [Thread-18] c.b.a.s.SAIntentCLIReceiver [SAIntentCLIReceiver.java:46] Received Client2's image Client2-1527876464553.jpg with location (64.32367808569754, 90.85660237517986)
2018-06-01 14:07:44,554 INFO [Thread-13] c.b.a.s.SAIntentCLIReceiver [SAIntentCLIReceiver.java:46] Received Client2's image Client2-1527876464553.jpg with location (64.32367808569754, 90.85660237517986)
2018-06-01 14:07:44,571 INFO [Thread-23] c.b.a.s.SAIntentCLIReceiver [SAIntentCLIReceiver.java:46] Received Client0's image Client0-1527876464571.jpg with location (64.32367808569754, 90.85660237517986)
2018-06-01 14:07:44,575 INFO [Test worker] m.d.i.a.v.ValidatorManager [ValidatorManager.java:89] ValidatorManager: Shutdown
2018-06-01 14:07:44,576 INFO [Thread-18] c.b.a.s.SAIntentCLIReceiver [SAIntentCLIReceiver.java:46] Received Client0's image Client0-1527876464575.jpg with location (64.32367808569754, 90.85660237517986)
