[2018-05-15 10:02:11,782] TA sending POST /ready to TH with no BODY
[2018-05-15 10:02:11,915] TA received POST /enabled with BODY:
{
  "dasEnabled": false
}
[2018-05-15 10:02:11,919] TA sending ACK to received POST /enabled with no BODY
[2018-05-15 10:02:11,944] TA received POST /action/databaseSchemaPerturbation with no BODY
[2018-05-15 10:02:11,965] TA sending ACK to received POST /action/databaseSchemaPerturbation with BODY:
{
  "sequence": -1,
  "identifier": "I1526392931944",
  "adaptation": {
    "adaptationStatus": "NOT_APPLICABLE"
  },
  "validation": {
    "verdictOutcome": "PENDING",
    "executedTests": []
  }
}
[2018-05-15 10:02:13,003] TA sending POST /status to TH with BODY:
{
  "sequence": 0,
  "identifier": "I1526392931944",
  "adaptation": {
    "adaptationStatus": "NOT_APPLICABLE"
  },
  "validation": {
    "verdictOutcome": "PENDING",
    "executedTests": [
      {
        "testIdentifier": "DummyTest",
        "intent": "Functionality1+Functionality0",
        "desiredStatus": "COMPLETE_PASS",
        "actualStatus": "PENDING",
        "details": {
          "errorMessages": [],
          "detailMessages": [],
          "testCaseReport": {
            "testCaseTarget": "DummyTarget",
            "testCaseIdentifier": "DummyTest",
            "duration": 1.337,
            "validatedFunctionality": [
              "Functionality0",
              "Functionality1"
            ]
          },
          "timestamp": 1526392931965,
          "currentState": "PENDING",
          "testIdentifier": "DummyTest",
          "adaptationIdentifier": "DummyAdaptationIdentifier",
          "validatedFunctionality": [
            "Functionality1",
            "Functionality0"
          ]
        }
      }
    ]
  }
}
[2018-05-15 10:02:13,039] TA sending POST /status to TH with BODY:
{
  "sequence": 1,
  "identifier": "I1526392931944",
  "adaptation": {
    "adaptationStatus": "NOT_APPLICABLE"
  },
  "validation": {
    "verdictOutcome": "RUNNING",
    "executedTests": [
      {
        "testIdentifier": "DummyTest",
        "intent": "Functionality1+Functionality0",
        "desiredStatus": "COMPLETE_PASS",
        "actualStatus": "RUNNING",
        "details": {
          "errorMessages": [],
          "detailMessages": [],
          "testCaseReport": {
            "testCaseTarget": "DummyTarget",
            "testCaseIdentifier": "DummyTest",
            "duration": 1.337,
            "validatedFunctionality": [
              "Functionality0",
              "Functionality1"
            ]
          },
          "timestamp": 1526392931965,
          "currentState": "RUNNING",
          "testIdentifier": "DummyTest",
          "adaptationIdentifier": "DummyAdaptationIdentifier",
          "validatedFunctionality": [
            "Functionality1",
            "Functionality0"
          ]
        }
      }
    ]
  }
}
[2018-05-15 10:02:13,048] TA sending POST /done to TH with BODY:
{
  "sequence": 2,
  "identifier": "I1526392931944",
  "adaptation": {
    "adaptationStatus": "NOT_APPLICABLE"
  },
  "validation": {
    "verdictOutcome": "PASS",
    "executedTests": [
      {
        "testIdentifier": "DummyTest",
        "intent": "Functionality1+Functionality0",
        "desiredStatus": "COMPLETE_PASS",
        "actualStatus": "COMPLETE_PASS",
        "details": {
          "testCaseReport": {
            "testCaseTarget": "DummyTarget",
            "testCaseIdentifier": "DummyTest",
            "duration": 1.337,
            "validatedFunctionality": [
              "Functionality0",
              "Functionality1"
            ]
          },
          "timestamp": 1526392931964,
          "currentState": "COMPLETE_PASS",
          "testIdentifier": "DummyTest",
          "adaptationIdentifier": "DummyAdaptationIdentifier",
          "validatedFunctionality": [
            "Functionality1",
            "Functionality0"
          ]
        }
      }
    ]
  }
}
[2018-05-15 10:02:40,222] TA sending POST /ready to TH with no BODY
[2018-05-15 10:02:40,324] TA received POST /enabled with BODY:
{
  "dasEnabled": false
}
[2018-05-15 10:02:40,328] TA sending ACK to received POST /enabled with no BODY
[2018-05-15 10:02:40,368] TA received POST /action/databaseSchemaPerturbation with BODY:
{
  "sessionIdentifier": "I1526392905053BaselineB",
  "martiServerModel": {
    "requirements": {
      "postgresqlPerturbation": {
        "tables": [
          {
            "columns": [
              "CotEvent_SourceId",
              "CotEvent_CotType",
              "CotEvent_How",
              "CotEvent_Detail",
              "CotEvent_ServerTime"
            ]
          },
          {
            "columns": [
              "Position_PointHae",
              "Position_PointCE",
              "Position_PointLE",
              "Position_TileX",
              "Position_TileY",
              "Position_Longitude",
              "Position_Latitude"
            ]
          }
        ]
      }
    }
  }
}
[2018-05-15 10:02:40,380] TA sending ACK to received POST /action/databaseSchemaPerturbation with BODY:
{
  "sequence": -1,
  "identifier": "I1526392905053BaselineB",
  "adaptation": {
    "adaptationStatus": "NOT_APPLICABLE"
  },
  "validation": {
    "verdictOutcome": "PENDING",
    "executedTests": []
  }
}
[2018-05-15 10:02:41,410] TA sending POST /status to TH with BODY:
{
  "sequence": 0,
  "identifier": "I1526392905053BaselineB",
  "adaptation": {
    "adaptationStatus": "NOT_APPLICABLE"
  },
  "validation": {
    "verdictOutcome": "PENDING",
    "executedTests": [
      {
        "testIdentifier": "DummyTest",
        "intent": "Functionality1+Functionality0",
        "desiredStatus": "COMPLETE_PASS",
        "actualStatus": "PENDING",
        "details": {
          "errorMessages": [],
          "detailMessages": [],
          "testCaseReport": {
            "testCaseTarget": "DummyTarget",
            "testCaseIdentifier": "DummyTest",
            "duration": 1.337,
            "failureMessage": "FAILED",
            "validatedFunctionality": [
              "Functionality0",
              "Functionality1"
            ]
          },
          "timestamp": 1526392960379,
          "currentState": "PENDING",
          "testIdentifier": "DummyTest",
          "adaptationIdentifier": "DummyAdaptationIdentifier",
          "validatedFunctionality": [
            "Functionality1",
            "Functionality0"
          ]
        }
      }
    ]
  }
}
[2018-05-15 10:02:41,424] TA sending POST /status to TH with BODY:
{
  "sequence": 1,
  "identifier": "I1526392905053BaselineB",
  "adaptation": {
    "adaptationStatus": "NOT_APPLICABLE"
  },
  "validation": {
    "verdictOutcome": "RUNNING",
    "executedTests": [
      {
        "testIdentifier": "DummyTest",
        "intent": "Functionality1+Functionality0",
        "desiredStatus": "COMPLETE_PASS",
        "actualStatus": "RUNNING",
        "details": {
          "errorMessages": [],
          "detailMessages": [],
          "testCaseReport": {
            "testCaseTarget": "DummyTarget",
            "testCaseIdentifier": "DummyTest",
            "duration": 1.337,
            "failureMessage": "FAILED",
            "validatedFunctionality": [
              "Functionality0",
              "Functionality1"
            ]
          },
          "timestamp": 1526392960379,
          "currentState": "RUNNING",
          "testIdentifier": "DummyTest",
          "adaptationIdentifier": "DummyAdaptationIdentifier",
          "validatedFunctionality": [
            "Functionality1",
            "Functionality0"
          ]
        }
      }
    ]
  }
}
[2018-05-15 10:02:41,432] TA sending POST /done to TH with BODY:
{
  "sequence": 2,
  "identifier": "I1526392905053BaselineB",
  "adaptation": {
    "adaptationStatus": "NOT_APPLICABLE"
  },
  "validation": {
    "verdictOutcome": "FAIL",
    "executedTests": [
      {
        "testIdentifier": "DummyTest",
        "intent": "Functionality1+Functionality0",
        "desiredStatus": "COMPLETE_PASS",
        "actualStatus": "COMPLETE_FAIL",
        "details": {
          "testCaseReport": {
            "testCaseTarget": "DummyTarget",
            "testCaseIdentifier": "DummyTest",
            "duration": 1.337,
            "failureMessage": "FAILED",
            "validatedFunctionality": [
              "Functionality0",
              "Functionality1"
            ]
          },
          "timestamp": 1526392960379,
          "currentState": "COMPLETE_FAIL",
          "testIdentifier": "DummyTest",
          "adaptationIdentifier": "DummyAdaptationIdentifier",
          "validatedFunctionality": [
            "Functionality1",
            "Functionality0"
          ]
        }
      }
    ]
  }
}
[2018-05-15 10:03:08,618] TA sending POST /ready to TH with no BODY
[2018-05-15 10:03:08,733] TA received POST /action/databaseSchemaPerturbation with BODY:
{
  "sessionIdentifier": "I1526392905057Challenge",
  "martiServerModel": {
    "requirements": {
      "postgresqlPerturbation": {
        "tables": [
          {
            "columns": [
              "CotEvent_SourceId",
              "CotEvent_CotType",
              "CotEvent_How",
              "CotEvent_Detail",
              "CotEvent_ServerTime"
            ]
          },
          {
            "columns": [
              "Position_PointHae",
              "Position_PointCE",
              "Position_PointLE",
              "Position_TileX",
              "Position_TileY",
              "Position_Longitude",
              "Position_Latitude"
            ]
          }
        ]
      }
    }
  }
}
[2018-05-15 10:03:08,749] TA sending ACK to received POST /action/databaseSchemaPerturbation with BODY:
{
  "sequence": -1,
  "identifier": "I1526392905057Challenge",
  "adaptation": {
    "adaptationStatus": "PENDING"
  },
  "validation": {
    "verdictOutcome": "PENDING",
    "executedTests": []
  }
}
[2018-05-15 10:03:09,784] TA sending POST /status to TH with BODY:
{
  "sequence": 0,
  "identifier": "I1526392905057Challenge",
  "adaptation": {
    "adaptationStatus": "PENDING",
    "details": {
      "errorMessages": [],
      "detailMessages": [],
      "dasOutcome": "PENDING",
      "adaptorIdentifier": "DummyAdapter",
      "adaptationIdentifier": "DummyAdaptationIdentifier"
    }
  },
  "validation": {
    "verdictOutcome": "PENDING",
    "executedTests": []
  }
}
[2018-05-15 10:03:09,798] TA sending POST /status to TH with BODY:
{
  "sequence": 1,
  "identifier": "I1526392905057Challenge",
  "adaptation": {
    "adaptationStatus": "PENDING",
    "details": {
      "errorMessages": [],
      "detailMessages": [],
      "dasOutcome": "PENDING",
      "adaptorIdentifier": "DummyAdapter",
      "adaptationIdentifier": "DummyAdaptationIdentifier"
    }
  },
  "validation": {
    "verdictOutcome": "PENDING",
    "executedTests": [
      {
        "testIdentifier": "DummyTest",
        "intent": "Functionality1+Functionality0",
        "desiredStatus": "COMPLETE_PASS",
        "actualStatus": "PENDING",
        "details": {
          "errorMessages": [],
          "detailMessages": [],
          "testCaseReport": {
            "testCaseTarget": "DummyTarget",
            "testCaseIdentifier": "DummyTest",
            "duration": 1.337,
            "validatedFunctionality": [
              "Functionality0",
              "Functionality1"
            ]
          },
          "timestamp": 1526392988743,
          "currentState": "PENDING",
          "testIdentifier": "DummyTest",
          "adaptationIdentifier": "DummyAdaptationIdentifier",
          "validatedFunctionality": [
            "Functionality1",
            "Functionality0"
          ]
        }
      }
    ]
  }
}
[2018-05-15 10:03:09,806] TA sending POST /status to TH with BODY:
{
  "sequence": 2,
  "identifier": "I1526392905057Challenge",
  "adaptation": {
    "adaptationStatus": "RUNNING",
    "details": {
      "errorMessages": [],
      "detailMessages": [],
      "dasOutcome": "RUNNING",
      "adaptorIdentifier": "DummyAdapter",
      "adaptationIdentifier": "DummyAdaptationIdentifier"
    }
  },
  "validation": {
    "verdictOutcome": "PENDING",
    "executedTests": [
      {
        "testIdentifier": "DummyTest",
        "intent": "Functionality1+Functionality0",
        "desiredStatus": "COMPLETE_PASS",
        "actualStatus": "PENDING",
        "details": {
          "errorMessages": [],
          "detailMessages": [],
          "testCaseReport": {
            "testCaseTarget": "DummyTarget",
            "testCaseIdentifier": "DummyTest",
            "duration": 1.337,
            "validatedFunctionality": [
              "Functionality0",
              "Functionality1"
            ]
          },
          "timestamp": 1526392988743,
          "currentState": "PENDING",
          "testIdentifier": "DummyTest",
          "adaptationIdentifier": "DummyAdaptationIdentifier",
          "validatedFunctionality": [
            "Functionality1",
            "Functionality0"
          ]
        }
      }
    ]
  }
}
[2018-05-15 10:03:09,814] TA sending POST /status to TH with BODY:
{
  "sequence": 3,
  "identifier": "I1526392905057Challenge",
  "adaptation": {
    "adaptationStatus": "SUCCESS",
    "details": {
      "errorMessages": [],
      "detailMessages": [],
      "dasOutcome": "SUCCESS",
      "adaptorIdentifier": "DummyAdapter",
      "adaptationIdentifier": "DummyAdaptationIdentifier"
    }
  },
  "validation": {
    "verdictOutcome": "PENDING",
    "executedTests": [
      {
        "testIdentifier": "DummyTest",
        "intent": "Functionality1+Functionality0",
        "desiredStatus": "COMPLETE_PASS",
        "actualStatus": "PENDING",
        "details": {
          "errorMessages": [],
          "detailMessages": [],
          "testCaseReport": {
            "testCaseTarget": "DummyTarget",
            "testCaseIdentifier": "DummyTest",
            "duration": 1.337,
            "validatedFunctionality": [
              "Functionality0",
              "Functionality1"
            ]
          },
          "timestamp": 1526392988743,
          "currentState": "PENDING",
          "testIdentifier": "DummyTest",
          "adaptationIdentifier": "DummyAdaptationIdentifier",
          "validatedFunctionality": [
            "Functionality1",
            "Functionality0"
          ]
        }
      }
    ]
  }
}
[2018-05-15 10:03:09,825] TA sending POST /status to TH with BODY:
{
  "sequence": 4,
  "identifier": "I1526392905057Challenge",
  "adaptation": {
    "adaptationStatus": "SUCCESS",
    "details": {
      "errorMessages": [],
      "detailMessages": [],
      "dasOutcome": "SUCCESS",
      "adaptorIdentifier": "DummyAdapter",
      "adaptationIdentifier": "DummyAdaptationIdentifier"
    }
  },
  "validation": {
    "verdictOutcome": "PENDING",
    "executedTests": [
      {
        "testIdentifier": "DummyTest",
        "intent": "Functionality1+Functionality0",
        "desiredStatus": "COMPLETE_PASS",
        "actualStatus": "PENDING",
        "details": {
          "errorMessages": [],
          "detailMessages": [],
          "testCaseReport": {
            "testCaseTarget": "DummyTarget",
            "testCaseIdentifier": "DummyTest",
            "duration": 1.337,
            "validatedFunctionality": [
              "Functionality0",
              "Functionality1"
            ]
          },
          "timestamp": 1526392988743,
          "currentState": "PENDING",
          "testIdentifier": "DummyTest",
          "adaptationIdentifier": "DummyAdaptationIdentifier",
          "validatedFunctionality": [
            "Functionality1",
            "Functionality0"
          ]
        }
      }
    ]
  }
}
[2018-05-15 10:03:09,832] TA sending POST /status to TH with BODY:
{
  "sequence": 5,
  "identifier": "I1526392905057Challenge",
  "adaptation": {
    "adaptationStatus": "SUCCESS",
    "details": {
      "errorMessages": [],
      "detailMessages": [],
      "dasOutcome": "SUCCESS",
      "adaptorIdentifier": "DummyAdapter",
      "adaptationIdentifier": "DummyAdaptationIdentifier"
    }
  },
  "validation": {
    "verdictOutcome": "RUNNING",
    "executedTests": [
      {
        "testIdentifier": "DummyTest",
        "intent": "Functionality1+Functionality0",
        "desiredStatus": "COMPLETE_PASS",
        "actualStatus": "RUNNING",
        "details": {
          "errorMessages": [],
          "detailMessages": [],
          "testCaseReport": {
            "testCaseTarget": "DummyTarget",
            "testCaseIdentifier": "DummyTest",
            "duration": 1.337,
            "validatedFunctionality": [
              "Functionality0",
              "Functionality1"
            ]
          },
          "timestamp": 1526392988743,
          "currentState": "RUNNING",
          "testIdentifier": "DummyTest",
          "adaptationIdentifier": "DummyAdaptationIdentifier",
          "validatedFunctionality": [
            "Functionality1",
            "Functionality0"
          ]
        }
      }
    ]
  }
}
[2018-05-15 10:03:09,840] TA sending POST /done to TH with BODY:
{
  "sequence": 6,
  "identifier": "I1526392905057Challenge",
  "adaptation": {
    "adaptationStatus": "SUCCESS",
    "details": {
      "errorMessages": [],
      "detailMessages": [],
      "dasOutcome": "SUCCESS",
      "adaptorIdentifier": "DummyAdapter",
      "adaptationIdentifier": "DummyAdaptationIdentifier"
    }
  },
  "validation": {
    "verdictOutcome": "PASS",
    "executedTests": [
      {
        "testIdentifier": "DummyTest",
        "intent": "Functionality1+Functionality0",
        "desiredStatus": "COMPLETE_PASS",
        "actualStatus": "COMPLETE_PASS",
        "details": {
          "errorMessages": [],
          "detailMessages": [],
          "testCaseReport": {
            "testCaseTarget": "DummyTarget",
            "testCaseIdentifier": "DummyTest",
            "duration": 1.337,
            "validatedFunctionality": [
              "Functionality0",
              "Functionality1"
            ]
          },
          "timestamp": 1526392988743,
          "currentState": "COMPLETE_PASS",
          "testIdentifier": "DummyTest",
          "adaptationIdentifier": "DummyAdaptationIdentifier",
          "validatedFunctionality": [
            "Functionality1",
            "Functionality0"
          ]
        }
      }
    ]
  }
}
[2018-05-15 10:03:37,095] TA sending POST /ready to TH with no BODY
[2018-05-15 10:03:37,201] TA received POST /enabled with BODY:
{
  "dasEnabled": false
}
[2018-05-15 10:03:37,205] TA sending ACK to received POST /enabled with no BODY
[2018-05-15 10:03:37,227] TA received POST /action/crossApplicationDependencies with no BODY
[2018-05-15 10:03:37,249] TA sending ACK to received POST /action/crossApplicationDependencies with BODY:
{
  "sequence": -1,
  "identifier": "I1526393017227",
  "adaptation": {
    "adaptationStatus": "NOT_APPLICABLE"
  },
  "validation": {
    "verdictOutcome": "PENDING",
    "executedTests": []
  }
}
[2018-05-15 10:03:38,288] TA sending POST /status to TH with BODY:
{
  "sequence": 0,
  "identifier": "I1526393017227",
  "adaptation": {
    "adaptationStatus": "NOT_APPLICABLE"
  },
  "validation": {
    "verdictOutcome": "PENDING",
    "executedTests": [
      {
        "testIdentifier": "DummyTest",
        "intent": "Functionality1+Functionality0",
        "desiredStatus": "COMPLETE_PASS",
        "actualStatus": "PENDING",
        "details": {
          "errorMessages": [],
          "detailMessages": [],
          "testCaseReport": {
            "testCaseTarget": "DummyTarget",
            "testCaseIdentifier": "DummyTest",
            "duration": 1.337,
            "validatedFunctionality": [
              "Functionality0",
              "Functionality1"
            ]
          },
          "timestamp": 1526393017248,
          "currentState": "PENDING",
          "testIdentifier": "DummyTest",
          "adaptationIdentifier": "DummyAdaptationIdentifier",
          "validatedFunctionality": [
            "Functionality1",
            "Functionality0"
          ]
        }
      }
    ]
  }
}
[2018-05-15 10:03:38,305] TA sending POST /status to TH with BODY:
{
  "sequence": 1,
  "identifier": "I1526393017227",
  "adaptation": {
    "adaptationStatus": "NOT_APPLICABLE"
  },
  "validation": {
    "verdictOutcome": "RUNNING",
    "executedTests": [
      {
        "testIdentifier": "DummyTest",
        "intent": "Functionality1+Functionality0",
        "desiredStatus": "COMPLETE_PASS",
        "actualStatus": "RUNNING",
        "details": {
          "errorMessages": [],
          "detailMessages": [],
          "testCaseReport": {
            "testCaseTarget": "DummyTarget",
            "testCaseIdentifier": "DummyTest",
            "duration": 1.337,
            "validatedFunctionality": [
              "Functionality0",
              "Functionality1"
            ]
          },
          "timestamp": 1526393017249,
          "currentState": "RUNNING",
          "testIdentifier": "DummyTest",
          "adaptationIdentifier": "DummyAdaptationIdentifier",
          "validatedFunctionality": [
            "Functionality1",
            "Functionality0"
          ]
        }
      }
    ]
  }
}
[2018-05-15 10:03:38,314] TA sending POST /done to TH with BODY:
{
  "sequence": 2,
  "identifier": "I1526393017227",
  "adaptation": {
    "adaptationStatus": "NOT_APPLICABLE"
  },
  "validation": {
    "verdictOutcome": "PASS",
    "executedTests": [
      {
        "testIdentifier": "DummyTest",
        "intent": "Functionality1+Functionality0",
        "desiredStatus": "COMPLETE_PASS",
        "actualStatus": "COMPLETE_PASS",
        "details": {
          "testCaseReport": {
            "testCaseTarget": "DummyTarget",
            "testCaseIdentifier": "DummyTest",
            "duration": 1.337,
            "validatedFunctionality": [
              "Functionality0",
              "Functionality1"
            ]
          },
          "timestamp": 1526393017248,
          "currentState": "COMPLETE_PASS",
          "testIdentifier": "DummyTest",
          "adaptationIdentifier": "DummyAdaptationIdentifier",
          "validatedFunctionality": [
            "Functionality1",
            "Functionality0"
          ]
        }
      }
    ]
  }
}
[2018-05-15 10:04:05,575] TA sending POST /ready to TH with no BODY
[2018-05-15 10:04:05,680] TA received POST /enabled with BODY:
{
  "dasEnabled": false
}
[2018-05-15 10:04:05,684] TA sending ACK to received POST /enabled with no BODY
[2018-05-15 10:04:05,721] TA received POST /action/crossApplicationDependencies with BODY:
{
  "sessionIdentifier": "I1526392905059BaselineB",
  "globalModel": {
    "requirements": {
      "dataInTransit": {
        "securityStandard": "NIST800Dash171"
      }
    }
  }
}
[2018-05-15 10:04:05,738] TA sending ACK to received POST /action/crossApplicationDependencies with BODY:
{
  "sequence": -1,
  "identifier": "I1526392905059BaselineB",
  "adaptation": {
    "adaptationStatus": "NOT_APPLICABLE"
  },
  "validation": {
    "verdictOutcome": "PENDING",
    "executedTests": []
  }
}
[2018-05-15 10:04:06,764] TA sending POST /status to TH with BODY:
{
  "sequence": 0,
  "identifier": "I1526392905059BaselineB",
  "adaptation": {
    "adaptationStatus": "NOT_APPLICABLE"
  },
  "validation": {
    "verdictOutcome": "PENDING",
    "executedTests": [
      {
        "testIdentifier": "DummyTest",
        "intent": "Functionality1+Functionality0",
        "desiredStatus": "COMPLETE_PASS",
        "actualStatus": "PENDING",
        "details": {
          "errorMessages": [],
          "detailMessages": [],
          "testCaseReport": {
            "testCaseTarget": "DummyTarget",
            "testCaseIdentifier": "DummyTest",
            "duration": 1.337,
            "failureMessage": "FAILED",
            "validatedFunctionality": [
              "Functionality0",
              "Functionality1"
            ]
          },
          "timestamp": 1526393045737,
          "currentState": "PENDING",
          "testIdentifier": "DummyTest",
          "adaptationIdentifier": "DummyAdaptationIdentifier",
          "validatedFunctionality": [
            "Functionality1",
            "Functionality0"
          ]
        }
      }
    ]
  }
}
[2018-05-15 10:04:06,779] TA sending POST /status to TH with BODY:
{
  "sequence": 1,
  "identifier": "I1526392905059BaselineB",
  "adaptation": {
    "adaptationStatus": "NOT_APPLICABLE"
  },
  "validation": {
    "verdictOutcome": "RUNNING",
    "executedTests": [
      {
        "testIdentifier": "DummyTest",
        "intent": "Functionality1+Functionality0",
        "desiredStatus": "COMPLETE_PASS",
        "actualStatus": "RUNNING",
        "details": {
          "errorMessages": [],
          "detailMessages": [],
          "testCaseReport": {
            "testCaseTarget": "DummyTarget",
            "testCaseIdentifier": "DummyTest",
            "duration": 1.337,
            "failureMessage": "FAILED",
            "validatedFunctionality": [
              "Functionality0",
              "Functionality1"
            ]
          },
          "timestamp": 1526393045737,
          "currentState": "RUNNING",
          "testIdentifier": "DummyTest",
          "adaptationIdentifier": "DummyAdaptationIdentifier",
          "validatedFunctionality": [
            "Functionality1",
            "Functionality0"
          ]
        }
      }
    ]
  }
}
[2018-05-15 10:04:06,787] TA sending POST /done to TH with BODY:
{
  "sequence": 2,
  "identifier": "I1526392905059BaselineB",
  "adaptation": {
    "adaptationStatus": "NOT_APPLICABLE"
  },
  "validation": {
    "verdictOutcome": "FAIL",
    "executedTests": [
      {
        "testIdentifier": "DummyTest",
        "intent": "Functionality1+Functionality0",
        "desiredStatus": "COMPLETE_PASS",
        "actualStatus": "COMPLETE_FAIL",
        "details": {
          "testCaseReport": {
            "testCaseTarget": "DummyTarget",
            "testCaseIdentifier": "DummyTest",
            "duration": 1.337,
            "failureMessage": "FAILED",
            "validatedFunctionality": [
              "Functionality0",
              "Functionality1"
            ]
          },
          "timestamp": 1526393045736,
          "currentState": "COMPLETE_FAIL",
          "testIdentifier": "DummyTest",
          "adaptationIdentifier": "DummyAdaptationIdentifier",
          "validatedFunctionality": [
            "Functionality1",
            "Functionality0"
          ]
        }
      }
    ]
  }
}
[2018-05-15 10:04:33,967] TA sending POST /ready to TH with no BODY
[2018-05-15 10:04:34,080] TA received POST /action/crossApplicationDependencies with BODY:
{
  "sessionIdentifier": "I1526392905060Challenge",
  "globalModel": {
    "requirements": {
      "dataInTransit": {
        "securityStandard": "NIST800Dash171"
      }
    }
  }
}
[2018-05-15 10:04:34,095] TA sending ACK to received POST /action/crossApplicationDependencies with BODY:
{
  "sequence": -1,
  "identifier": "I1526392905060Challenge",
  "adaptation": {
    "adaptationStatus": "PENDING"
  },
  "validation": {
    "verdictOutcome": "PENDING",
    "executedTests": []
  }
}
[2018-05-15 10:04:35,129] TA sending POST /status to TH with BODY:
{
  "sequence": 0,
  "identifier": "I1526392905060Challenge",
  "adaptation": {
    "adaptationStatus": "PENDING",
    "details": {
      "errorMessages": [],
      "detailMessages": [],
      "dasOutcome": "PENDING",
      "adaptorIdentifier": "DummyAdapter",
      "adaptationIdentifier": "DummyAdaptationIdentifier"
    }
  },
  "validation": {
    "verdictOutcome": "PENDING",
    "executedTests": []
  }
}
[2018-05-15 10:04:35,140] TA sending POST /status to TH with BODY:
{
  "sequence": 1,
  "identifier": "I1526392905060Challenge",
  "adaptation": {
    "adaptationStatus": "PENDING",
    "details": {
      "errorMessages": [],
      "detailMessages": [],
      "dasOutcome": "PENDING",
      "adaptorIdentifier": "DummyAdapter",
      "adaptationIdentifier": "DummyAdaptationIdentifier"
    }
  },
  "validation": {
    "verdictOutcome": "PENDING",
    "executedTests": [
      {
        "testIdentifier": "DummyTest",
        "intent": "Functionality1+Functionality0",
        "desiredStatus": "COMPLETE_PASS",
        "actualStatus": "PENDING",
        "details": {
          "errorMessages": [],
          "detailMessages": [],
          "testCaseReport": {
            "testCaseTarget": "DummyTarget",
            "testCaseIdentifier": "DummyTest",
            "duration": 1.337,
            "validatedFunctionality": [
              "Functionality0",
              "Functionality1"
            ]
          },
          "timestamp": 1526393074089,
          "currentState": "PENDING",
          "testIdentifier": "DummyTest",
          "adaptationIdentifier": "DummyAdaptationIdentifier",
          "validatedFunctionality": [
            "Functionality1",
            "Functionality0"
          ]
        }
      }
    ]
  }
}
[2018-05-15 10:04:35,148] TA sending POST /status to TH with BODY:
{
  "sequence": 2,
  "identifier": "I1526392905060Challenge",
  "adaptation": {
    "adaptationStatus": "RUNNING",
    "details": {
      "errorMessages": [],
      "detailMessages": [],
      "dasOutcome": "RUNNING",
      "adaptorIdentifier": "DummyAdapter",
      "adaptationIdentifier": "DummyAdaptationIdentifier"
    }
  },
  "validation": {
    "verdictOutcome": "PENDING",
    "executedTests": [
      {
        "testIdentifier": "DummyTest",
        "intent": "Functionality1+Functionality0",
        "desiredStatus": "COMPLETE_PASS",
        "actualStatus": "PENDING",
        "details": {
          "errorMessages": [],
          "detailMessages": [],
          "testCaseReport": {
            "testCaseTarget": "DummyTarget",
            "testCaseIdentifier": "DummyTest",
            "duration": 1.337,
            "validatedFunctionality": [
              "Functionality0",
              "Functionality1"
            ]
          },
          "timestamp": 1526393074089,
          "currentState": "PENDING",
          "testIdentifier": "DummyTest",
          "adaptationIdentifier": "DummyAdaptationIdentifier",
          "validatedFunctionality": [
            "Functionality1",
            "Functionality0"
          ]
        }
      }
    ]
  }
}
[2018-05-15 10:04:35,156] TA sending POST /status to TH with BODY:
{
  "sequence": 3,
  "identifier": "I1526392905060Challenge",
  "adaptation": {
    "adaptationStatus": "SUCCESS",
    "details": {
      "errorMessages": [],
      "detailMessages": [],
      "dasOutcome": "SUCCESS",
      "adaptorIdentifier": "DummyAdapter",
      "adaptationIdentifier": "DummyAdaptationIdentifier"
    }
  },
  "validation": {
    "verdictOutcome": "PENDING",
    "executedTests": [
      {
        "testIdentifier": "DummyTest",
        "intent": "Functionality1+Functionality0",
        "desiredStatus": "COMPLETE_PASS",
        "actualStatus": "PENDING",
        "details": {
          "errorMessages": [],
          "detailMessages": [],
          "testCaseReport": {
            "testCaseTarget": "DummyTarget",
            "testCaseIdentifier": "DummyTest",
            "duration": 1.337,
            "validatedFunctionality": [
              "Functionality0",
              "Functionality1"
            ]
          },
          "timestamp": 1526393074089,
          "currentState": "PENDING",
          "testIdentifier": "DummyTest",
          "adaptationIdentifier": "DummyAdaptationIdentifier",
          "validatedFunctionality": [
            "Functionality1",
            "Functionality0"
          ]
        }
      }
    ]
  }
}
[2018-05-15 10:04:35,167] TA sending POST /status to TH with BODY:
{
  "sequence": 4,
  "identifier": "I1526392905060Challenge",
  "adaptation": {
    "adaptationStatus": "SUCCESS",
    "details": {
      "errorMessages": [],
      "detailMessages": [],
      "dasOutcome": "SUCCESS",
      "adaptorIdentifier": "DummyAdapter",
      "adaptationIdentifier": "DummyAdaptationIdentifier"
    }
  },
  "validation": {
    "verdictOutcome": "PENDING",
    "executedTests": [
      {
        "testIdentifier": "DummyTest",
        "intent": "Functionality1+Functionality0",
        "desiredStatus": "COMPLETE_PASS",
        "actualStatus": "PENDING",
        "details": {
          "errorMessages": [],
          "detailMessages": [],
          "testCaseReport": {
            "testCaseTarget": "DummyTarget",
            "testCaseIdentifier": "DummyTest",
            "duration": 1.337,
            "validatedFunctionality": [
              "Functionality0",
              "Functionality1"
            ]
          },
          "timestamp": 1526393074089,
          "currentState": "PENDING",
          "testIdentifier": "DummyTest",
          "adaptationIdentifier": "DummyAdaptationIdentifier",
          "validatedFunctionality": [
            "Functionality1",
            "Functionality0"
          ]
        }
      }
    ]
  }
}
[2018-05-15 10:04:35,174] TA sending POST /status to TH with BODY:
{
  "sequence": 5,
  "identifier": "I1526392905060Challenge",
  "adaptation": {
    "adaptationStatus": "SUCCESS",
    "details": {
      "errorMessages": [],
      "detailMessages": [],
      "dasOutcome": "SUCCESS",
      "adaptorIdentifier": "DummyAdapter",
      "adaptationIdentifier": "DummyAdaptationIdentifier"
    }
  },
  "validation": {
    "verdictOutcome": "RUNNING",
    "executedTests": [
      {
        "testIdentifier": "DummyTest",
        "intent": "Functionality1+Functionality0",
        "desiredStatus": "COMPLETE_PASS",
        "actualStatus": "RUNNING",
        "details": {
          "errorMessages": [],
          "detailMessages": [],
          "testCaseReport": {
            "testCaseTarget": "DummyTarget",
            "testCaseIdentifier": "DummyTest",
            "duration": 1.337,
            "validatedFunctionality": [
              "Functionality0",
              "Functionality1"
            ]
          },
          "timestamp": 1526393074089,
          "currentState": "RUNNING",
          "testIdentifier": "DummyTest",
          "adaptationIdentifier": "DummyAdaptationIdentifier",
          "validatedFunctionality": [
            "Functionality1",
            "Functionality0"
          ]
        }
      }
    ]
  }
}
[2018-05-15 10:04:35,181] TA sending POST /done to TH with BODY:
{
  "sequence": 6,
  "identifier": "I1526392905060Challenge",
  "adaptation": {
    "adaptationStatus": "SUCCESS",
    "details": {
      "errorMessages": [],
      "detailMessages": [],
      "dasOutcome": "SUCCESS",
      "adaptorIdentifier": "DummyAdapter",
      "adaptationIdentifier": "DummyAdaptationIdentifier"
    }
  },
  "validation": {
    "verdictOutcome": "PASS",
    "executedTests": [
      {
        "testIdentifier": "DummyTest",
        "intent": "Functionality1+Functionality0",
        "desiredStatus": "COMPLETE_PASS",
        "actualStatus": "COMPLETE_PASS",
        "details": {
          "errorMessages": [],
          "detailMessages": [],
          "testCaseReport": {
            "testCaseTarget": "DummyTarget",
            "testCaseIdentifier": "DummyTest",
            "duration": 1.337,
            "validatedFunctionality": [
              "Functionality0",
              "Functionality1"
            ]
          },
          "timestamp": 1526393074089,
          "currentState": "COMPLETE_PASS",
          "testIdentifier": "DummyTest",
          "adaptationIdentifier": "DummyAdaptationIdentifier",
          "validatedFunctionality": [
            "Functionality1",
            "Functionality0"
          ]
        }
      }
    ]
  }
}
[2018-05-15 10:05:02,317] TA sending POST /ready to TH with no BODY
[2018-05-15 10:05:02,419] TA received POST /enabled with BODY:
{
  "dasEnabled": false
}
[2018-05-15 10:05:02,422] TA sending ACK to received POST /enabled with no BODY
[2018-05-15 10:05:02,442] TA received POST /action/libraryEvolution with no BODY
[2018-05-15 10:05:02,461] TA sending ACK to received POST /query with BODY:
{
  "sequence": -1,
  "identifier": "I1526393102443",
  "adaptation": {
    "adaptationStatus": "NOT_APPLICABLE"
  },
  "validation": {
    "verdictOutcome": "PENDING",
    "executedTests": []
  }
}
[2018-05-15 10:05:03,490] TA sending POST /status to TH with BODY:
{
  "sequence": 0,
  "identifier": "I1526393102443",
  "adaptation": {
    "adaptationStatus": "NOT_APPLICABLE"
  },
  "validation": {
    "verdictOutcome": "PENDING",
    "executedTests": [
      {
        "testIdentifier": "DummyTest",
        "intent": "Functionality1+Functionality0",
        "desiredStatus": "COMPLETE_PASS",
        "actualStatus": "PENDING",
        "details": {
          "errorMessages": [],
          "detailMessages": [],
          "testCaseReport": {
            "testCaseTarget": "DummyTarget",
            "testCaseIdentifier": "DummyTest",
            "duration": 1.337,
            "validatedFunctionality": [
              "Functionality0",
              "Functionality1"
            ]
          },
          "timestamp": 1526393102460,
          "currentState": "PENDING",
          "testIdentifier": "DummyTest",
          "adaptationIdentifier": "DummyAdaptationIdentifier",
          "validatedFunctionality": [
            "Functionality1",
            "Functionality0"
          ]
        }
      }
    ]
  }
}
[2018-05-15 10:05:03,506] TA sending POST /status to TH with BODY:
{
  "sequence": 1,
  "identifier": "I1526393102443",
  "adaptation": {
    "adaptationStatus": "NOT_APPLICABLE"
  },
  "validation": {
    "verdictOutcome": "RUNNING",
    "executedTests": [
      {
        "testIdentifier": "DummyTest",
        "intent": "Functionality1+Functionality0",
        "desiredStatus": "COMPLETE_PASS",
        "actualStatus": "RUNNING",
        "details": {
          "errorMessages": [],
          "detailMessages": [],
          "testCaseReport": {
            "testCaseTarget": "DummyTarget",
            "testCaseIdentifier": "DummyTest",
            "duration": 1.337,
            "validatedFunctionality": [
              "Functionality0",
              "Functionality1"
            ]
          },
          "timestamp": 1526393102460,
          "currentState": "RUNNING",
          "testIdentifier": "DummyTest",
          "adaptationIdentifier": "DummyAdaptationIdentifier",
          "validatedFunctionality": [
            "Functionality1",
            "Functionality0"
          ]
        }
      }
    ]
  }
}
[2018-05-15 10:05:03,513] TA sending POST /done to TH with BODY:
{
  "sequence": 2,
  "identifier": "I1526393102443",
  "adaptation": {
    "adaptationStatus": "NOT_APPLICABLE"
  },
  "validation": {
    "verdictOutcome": "PASS",
    "executedTests": [
      {
        "testIdentifier": "DummyTest",
        "intent": "Functionality1+Functionality0",
        "desiredStatus": "COMPLETE_PASS",
        "actualStatus": "COMPLETE_PASS",
        "details": {
          "testCaseReport": {
            "testCaseTarget": "DummyTarget",
            "testCaseIdentifier": "DummyTest",
            "duration": 1.337,
            "validatedFunctionality": [
              "Functionality0",
              "Functionality1"
            ]
          },
          "timestamp": 1526393102460,
          "currentState": "COMPLETE_PASS",
          "testIdentifier": "DummyTest",
          "adaptationIdentifier": "DummyAdaptationIdentifier",
          "validatedFunctionality": [
            "Functionality1",
            "Functionality0"
          ]
        }
      }
    ]
  }
}
[2018-05-15 10:05:30,704] TA sending POST /ready to TH with no BODY
[2018-05-15 10:05:30,805] TA received POST /enabled with BODY:
{
  "dasEnabled": false
}
[2018-05-15 10:05:30,808] TA sending ACK to received POST /enabled with no BODY
[2018-05-15 10:05:30,838] TA received POST /action/libraryEvolution with BODY:
{
  "sessionIdentifier": "I1526392905062BaselineB",
  "martiServerModel": {
    "requirements": {
      "libraryUpgrade": "ElevationApi_2"
    }
  }
}
[2018-05-15 10:05:30,850] TA sending ACK to received POST /query with BODY:
{
  "sequence": -1,
  "identifier": "I1526392905062BaselineB",
  "adaptation": {
    "adaptationStatus": "NOT_APPLICABLE"
  },
  "validation": {
    "verdictOutcome": "PENDING",
    "executedTests": []
  }
}
[2018-05-15 10:05:31,879] TA sending POST /status to TH with BODY:
{
  "sequence": 0,
  "identifier": "I1526392905062BaselineB",
  "adaptation": {
    "adaptationStatus": "NOT_APPLICABLE"
  },
  "validation": {
    "verdictOutcome": "PENDING",
    "executedTests": [
      {
        "testIdentifier": "DummyTest",
        "intent": "Functionality1+Functionality0",
        "desiredStatus": "COMPLETE_PASS",
        "actualStatus": "PENDING",
        "details": {
          "errorMessages": [],
          "detailMessages": [],
          "testCaseReport": {
            "testCaseTarget": "DummyTarget",
            "testCaseIdentifier": "DummyTest",
            "duration": 1.337,
            "failureMessage": "FAILED",
            "validatedFunctionality": [
              "Functionality0",
              "Functionality1"
            ]
          },
          "timestamp": 1526393130849,
          "currentState": "PENDING",
          "testIdentifier": "DummyTest",
          "adaptationIdentifier": "DummyAdaptationIdentifier",
          "validatedFunctionality": [
            "Functionality1",
            "Functionality0"
          ]
        }
      }
    ]
  }
}
[2018-05-15 10:05:31,894] TA sending POST /status to TH with BODY:
{
  "sequence": 1,
  "identifier": "I1526392905062BaselineB",
  "adaptation": {
    "adaptationStatus": "NOT_APPLICABLE"
  },
  "validation": {
    "verdictOutcome": "RUNNING",
    "executedTests": [
      {
        "testIdentifier": "DummyTest",
        "intent": "Functionality1+Functionality0",
        "desiredStatus": "COMPLETE_PASS",
        "actualStatus": "RUNNING",
        "details": {
          "errorMessages": [],
          "detailMessages": [],
          "testCaseReport": {
            "testCaseTarget": "DummyTarget",
            "testCaseIdentifier": "DummyTest",
            "duration": 1.337,
            "failureMessage": "FAILED",
            "validatedFunctionality": [
              "Functionality0",
              "Functionality1"
            ]
          },
          "timestamp": 1526393130849,
          "currentState": "RUNNING",
          "testIdentifier": "DummyTest",
          "adaptationIdentifier": "DummyAdaptationIdentifier",
          "validatedFunctionality": [
            "Functionality1",
            "Functionality0"
          ]
        }
      }
    ]
  }
}
[2018-05-15 10:05:31,902] TA sending POST /done to TH with BODY:
{
  "sequence": 2,
  "identifier": "I1526392905062BaselineB",
  "adaptation": {
    "adaptationStatus": "NOT_APPLICABLE"
  },
  "validation": {
    "verdictOutcome": "FAIL",
    "executedTests": [
      {
        "testIdentifier": "DummyTest",
        "intent": "Functionality1+Functionality0",
        "desiredStatus": "COMPLETE_PASS",
        "actualStatus": "COMPLETE_FAIL",
        "details": {
          "testCaseReport": {
            "testCaseTarget": "DummyTarget",
            "testCaseIdentifier": "DummyTest",
            "duration": 1.337,
            "failureMessage": "FAILED",
            "validatedFunctionality": [
              "Functionality0",
              "Functionality1"
            ]
          },
          "timestamp": 1526393130849,
          "currentState": "COMPLETE_FAIL",
          "testIdentifier": "DummyTest",
          "adaptationIdentifier": "DummyAdaptationIdentifier",
          "validatedFunctionality": [
            "Functionality1",
            "Functionality0"
          ]
        }
      }
    ]
  }
}
[2018-05-15 10:05:59,091] TA sending POST /ready to TH with no BODY
[2018-05-15 10:05:59,211] TA received POST /action/libraryEvolution with BODY:
{
  "sessionIdentifier": "I1526392905062Challenge",
  "martiServerModel": {
    "requirements": {
      "libraryUpgrade": "ElevationApi_2"
    }
  }
}
[2018-05-15 10:05:59,230] TA sending ACK to received POST /query with BODY:
{
  "sequence": -1,
  "identifier": "I1526392905062Challenge",
  "adaptation": {
    "adaptationStatus": "PENDING"
  },
  "validation": {
    "verdictOutcome": "PENDING",
    "executedTests": []
  }
}
[2018-05-15 10:06:00,267] TA sending POST /status to TH with BODY:
{
  "sequence": 0,
  "identifier": "I1526392905062Challenge",
  "adaptation": {
    "adaptationStatus": "PENDING",
    "details": {
      "errorMessages": [],
      "detailMessages": [],
      "dasOutcome": "PENDING",
      "adaptorIdentifier": "DummyAdapter",
      "adaptationIdentifier": "DummyAdaptationIdentifier"
    }
  },
  "validation": {
    "verdictOutcome": "PENDING",
    "executedTests": []
  }
}
[2018-05-15 10:06:00,278] TA sending POST /status to TH with BODY:
{
  "sequence": 1,
  "identifier": "I1526392905062Challenge",
  "adaptation": {
    "adaptationStatus": "PENDING",
    "details": {
      "errorMessages": [],
      "detailMessages": [],
      "dasOutcome": "PENDING",
      "adaptorIdentifier": "DummyAdapter",
      "adaptationIdentifier": "DummyAdaptationIdentifier"
    }
  },
  "validation": {
    "verdictOutcome": "PENDING",
    "executedTests": [
      {
        "testIdentifier": "DummyTest",
        "intent": "Functionality1+Functionality0",
        "desiredStatus": "COMPLETE_PASS",
        "actualStatus": "PENDING",
        "details": {
          "errorMessages": [],
          "detailMessages": [],
          "testCaseReport": {
            "testCaseTarget": "DummyTarget",
            "testCaseIdentifier": "DummyTest",
            "duration": 1.337,
            "validatedFunctionality": [
              "Functionality0",
              "Functionality1"
            ]
          },
          "timestamp": 1526393159222,
          "currentState": "PENDING",
          "testIdentifier": "DummyTest",
          "adaptationIdentifier": "DummyAdaptationIdentifier",
          "validatedFunctionality": [
            "Functionality1",
            "Functionality0"
          ]
        }
      }
    ]
  }
}
[2018-05-15 10:06:00,286] TA sending POST /status to TH with BODY:
{
  "sequence": 2,
  "identifier": "I1526392905062Challenge",
  "adaptation": {
    "adaptationStatus": "RUNNING",
    "details": {
      "errorMessages": [],
      "detailMessages": [],
      "dasOutcome": "RUNNING",
      "adaptorIdentifier": "DummyAdapter",
      "adaptationIdentifier": "DummyAdaptationIdentifier"
    }
  },
  "validation": {
    "verdictOutcome": "PENDING",
    "executedTests": [
      {
        "testIdentifier": "DummyTest",
        "intent": "Functionality1+Functionality0",
        "desiredStatus": "COMPLETE_PASS",
        "actualStatus": "PENDING",
        "details": {
          "errorMessages": [],
          "detailMessages": [],
          "testCaseReport": {
            "testCaseTarget": "DummyTarget",
            "testCaseIdentifier": "DummyTest",
            "duration": 1.337,
            "validatedFunctionality": [
              "Functionality0",
              "Functionality1"
            ]
          },
          "timestamp": 1526393159222,
          "currentState": "PENDING",
          "testIdentifier": "DummyTest",
          "adaptationIdentifier": "DummyAdaptationIdentifier",
          "validatedFunctionality": [
            "Functionality1",
            "Functionality0"
          ]
        }
      }
    ]
  }
}
[2018-05-15 10:06:00,295] TA sending POST /status to TH with BODY:
{
  "sequence": 3,
  "identifier": "I1526392905062Challenge",
  "adaptation": {
    "adaptationStatus": "SUCCESS",
    "details": {
      "errorMessages": [],
      "detailMessages": [],
      "dasOutcome": "SUCCESS",
      "adaptorIdentifier": "DummyAdapter",
      "adaptationIdentifier": "DummyAdaptationIdentifier"
    }
  },
  "validation": {
    "verdictOutcome": "PENDING",
    "executedTests": [
      {
        "testIdentifier": "DummyTest",
        "intent": "Functionality1+Functionality0",
        "desiredStatus": "COMPLETE_PASS",
        "actualStatus": "PENDING",
        "details": {
          "errorMessages": [],
          "detailMessages": [],
          "testCaseReport": {
            "testCaseTarget": "DummyTarget",
            "testCaseIdentifier": "DummyTest",
            "duration": 1.337,
            "validatedFunctionality": [
              "Functionality0",
              "Functionality1"
            ]
          },
          "timestamp": 1526393159222,
          "currentState": "PENDING",
          "testIdentifier": "DummyTest",
          "adaptationIdentifier": "DummyAdaptationIdentifier",
          "validatedFunctionality": [
            "Functionality1",
            "Functionality0"
          ]
        }
      }
    ]
  }
}
[2018-05-15 10:06:00,306] TA sending POST /status to TH with BODY:
{
  "sequence": 4,
  "identifier": "I1526392905062Challenge",
  "adaptation": {
    "adaptationStatus": "SUCCESS",
    "details": {
      "errorMessages": [],
      "detailMessages": [],
      "dasOutcome": "SUCCESS",
      "adaptorIdentifier": "DummyAdapter",
      "adaptationIdentifier": "DummyAdaptationIdentifier"
    }
  },
  "validation": {
    "verdictOutcome": "PENDING",
    "executedTests": [
      {
        "testIdentifier": "DummyTest",
        "intent": "Functionality1+Functionality0",
        "desiredStatus": "COMPLETE_PASS",
        "actualStatus": "PENDING",
        "details": {
          "errorMessages": [],
          "detailMessages": [],
          "testCaseReport": {
            "testCaseTarget": "DummyTarget",
            "testCaseIdentifier": "DummyTest",
            "duration": 1.337,
            "validatedFunctionality": [
              "Functionality0",
              "Functionality1"
            ]
          },
          "timestamp": 1526393159222,
          "currentState": "PENDING",
          "testIdentifier": "DummyTest",
          "adaptationIdentifier": "DummyAdaptationIdentifier",
          "validatedFunctionality": [
            "Functionality1",
            "Functionality0"
          ]
        }
      }
    ]
  }
}
[2018-05-15 10:06:00,313] TA sending POST /status to TH with BODY:
{
  "sequence": 5,
  "identifier": "I1526392905062Challenge",
  "adaptation": {
    "adaptationStatus": "SUCCESS",
    "details": {
      "errorMessages": [],
      "detailMessages": [],
      "dasOutcome": "SUCCESS",
      "adaptorIdentifier": "DummyAdapter",
      "adaptationIdentifier": "DummyAdaptationIdentifier"
    }
  },
  "validation": {
    "verdictOutcome": "RUNNING",
    "executedTests": [
      {
        "testIdentifier": "DummyTest",
        "intent": "Functionality1+Functionality0",
        "desiredStatus": "COMPLETE_PASS",
        "actualStatus": "RUNNING",
        "details": {
          "errorMessages": [],
          "detailMessages": [],
          "testCaseReport": {
            "testCaseTarget": "DummyTarget",
            "testCaseIdentifier": "DummyTest",
            "duration": 1.337,
            "validatedFunctionality": [
              "Functionality0",
              "Functionality1"
            ]
          },
          "timestamp": 1526393159222,
          "currentState": "RUNNING",
          "testIdentifier": "DummyTest",
          "adaptationIdentifier": "DummyAdaptationIdentifier",
          "validatedFunctionality": [
            "Functionality1",
            "Functionality0"
          ]
        }
      }
    ]
  }
}
[2018-05-15 10:06:00,321] TA sending POST /done to TH with BODY:
{
  "sequence": 6,
  "identifier": "I1526392905062Challenge",
  "adaptation": {
    "adaptationStatus": "SUCCESS",
    "details": {
      "errorMessages": [],
      "detailMessages": [],
      "dasOutcome": "SUCCESS",
      "adaptorIdentifier": "DummyAdapter",
      "adaptationIdentifier": "DummyAdaptationIdentifier"
    }
  },
  "validation": {
    "verdictOutcome": "PASS",
    "executedTests": [
      {
        "testIdentifier": "DummyTest",
        "intent": "Functionality1+Functionality0",
        "desiredStatus": "COMPLETE_PASS",
        "actualStatus": "COMPLETE_PASS",
        "details": {
          "errorMessages": [],
          "detailMessages": [],
          "testCaseReport": {
            "testCaseTarget": "DummyTarget",
            "testCaseIdentifier": "DummyTest",
            "duration": 1.337,
            "validatedFunctionality": [
              "Functionality0",
              "Functionality1"
            ]
          },
          "timestamp": 1526393159223,
          "currentState": "COMPLETE_PASS",
          "testIdentifier": "DummyTest",
          "adaptationIdentifier": "DummyAdaptationIdentifier",
          "validatedFunctionality": [
            "Functionality1",
            "Functionality0"
          ]
        }
      }
    ]
  }
}
