[2018-05-15 10:02:11,969] DAS sending POST /dasListener/updateValidationStatus to TA with BODY:
{
  "sequence": 0,
  "values": [
    {
      "errorMessages": [],
      "detailMessages": [],
      "testCaseReport": {
        "testCaseTarget": "DummyTarget",
        "testCaseIdentifier": "DummyTest",
        "duration": 1.337,
        "validatedFunctionality": [
          "Functionality0",
          "Functionality1"
        ]
      },
      "timestamp": 1526392931965,
      "currentState": "PENDING",
      "testIdentifier": "DummyTest",
      "adaptationIdentifier": "DummyAdaptationIdentifier",
      "validatedFunctionality": [
        "Functionality1",
        "Functionality0"
      ]
    }
  ]
}
[2018-05-15 10:02:12,990] DAS sending POST /dasListener/updateValidationStatus to TA with BODY:
{
  "sequence": 1,
  "values": [
    {
      "errorMessages": [],
      "detailMessages": [],
      "testCaseReport": {
        "testCaseTarget": "DummyTarget",
        "testCaseIdentifier": "DummyTest",
        "duration": 1.337,
        "validatedFunctionality": [
          "Functionality0",
          "Functionality1"
        ]
      },
      "timestamp": 1526392931965,
      "currentState": "RUNNING",
      "testIdentifier": "DummyTest",
      "adaptationIdentifier": "DummyAdaptationIdentifier",
      "validatedFunctionality": [
        "Functionality1",
        "Functionality0"
      ]
    }
  ]
}
[2018-05-15 10:02:12,992] DAS sending POST /dasListener/updateValidationStatus to TA with BODY:
{
  "sequence": 2,
  "values": [
    {
      "testCaseReport": {
        "testCaseTarget": "DummyTarget",
        "testCaseIdentifier": "DummyTest",
        "duration": 1.337,
        "validatedFunctionality": [
          "Functionality0",
          "Functionality1"
        ]
      },
      "timestamp": 1526392931964,
      "currentState": "COMPLETE_PASS",
      "testIdentifier": "DummyTest",
      "adaptationIdentifier": "DummyAdaptationIdentifier",
      "validatedFunctionality": [
        "Functionality1",
        "Functionality0"
      ]
    }
  ]
}
[2018-05-15 10:02:13,000] DAS received ACK 200 from sent POST /dasListener/updateValidationStatus to TA with no BODY
[2018-05-15 10:02:13,001] DAS received ACK 200 from sent POST /dasListener/updateValidationStatus to TA with no BODY
[2018-05-15 10:02:40,382] DAS sending POST /dasListener/updateValidationStatus to TA with BODY:
{
  "sequence": 0,
  "values": [
    {
      "errorMessages": [],
      "detailMessages": [],
      "testCaseReport": {
        "testCaseTarget": "DummyTarget",
        "testCaseIdentifier": "DummyTest",
        "duration": 1.337,
        "failureMessage": "FAILED",
        "validatedFunctionality": [
          "Functionality0",
          "Functionality1"
        ]
      },
      "timestamp": 1526392960379,
      "currentState": "PENDING",
      "testIdentifier": "DummyTest",
      "adaptationIdentifier": "DummyAdaptationIdentifier",
      "validatedFunctionality": [
        "Functionality1",
        "Functionality0"
      ]
    }
  ]
}
[2018-05-15 10:02:41,398] DAS sending POST /dasListener/updateValidationStatus to TA with BODY:
{
  "sequence": 1,
  "values": [
    {
      "errorMessages": [],
      "detailMessages": [],
      "testCaseReport": {
        "testCaseTarget": "DummyTarget",
        "testCaseIdentifier": "DummyTest",
        "duration": 1.337,
        "failureMessage": "FAILED",
        "validatedFunctionality": [
          "Functionality0",
          "Functionality1"
        ]
      },
      "timestamp": 1526392960379,
      "currentState": "RUNNING",
      "testIdentifier": "DummyTest",
      "adaptationIdentifier": "DummyAdaptationIdentifier",
      "validatedFunctionality": [
        "Functionality1",
        "Functionality0"
      ]
    }
  ]
}
[2018-05-15 10:02:41,400] DAS sending POST /dasListener/updateValidationStatus to TA with BODY:
{
  "sequence": 2,
  "values": [
    {
      "testCaseReport": {
        "testCaseTarget": "DummyTarget",
        "testCaseIdentifier": "DummyTest",
        "duration": 1.337,
        "failureMessage": "FAILED",
        "validatedFunctionality": [
          "Functionality0",
          "Functionality1"
        ]
      },
      "timestamp": 1526392960379,
      "currentState": "COMPLETE_FAIL",
      "testIdentifier": "DummyTest",
      "adaptationIdentifier": "DummyAdaptationIdentifier",
      "validatedFunctionality": [
        "Functionality1",
        "Functionality0"
      ]
    }
  ]
}
[2018-05-15 10:02:41,408] DAS received ACK 200 from sent POST /dasListener/updateValidationStatus to TA with no BODY
[2018-05-15 10:02:41,432] DAS received ACK 200 from sent POST /dasListener/updateValidationStatus to TA with no BODY
[2018-05-15 10:03:08,750] DAS sending POST /dasListener/updateValidationStatus to TA with BODY:
{
  "sequence": 5,
  "values": [
    {
      "errorMessages": [],
      "detailMessages": [],
      "testCaseReport": {
        "testCaseTarget": "DummyTarget",
        "testCaseIdentifier": "DummyTest",
        "duration": 1.337,
        "validatedFunctionality": [
          "Functionality0",
          "Functionality1"
        ]
      },
      "timestamp": 1526392988743,
      "currentState": "RUNNING",
      "testIdentifier": "DummyTest",
      "adaptationIdentifier": "DummyAdaptationIdentifier",
      "validatedFunctionality": [
        "Functionality1",
        "Functionality0"
      ]
    }
  ]
}
[2018-05-15 10:03:09,765] DAS sending POST /dasListener/updateAdaptationStatus to TA with BODY:
{
  "sequence": 2,
  "values": [
    {
      "errorMessages": [],
      "detailMessages": [],
      "dasOutcome": "RUNNING",
      "adaptorIdentifier": "DummyAdapter",
      "adaptationIdentifier": "DummyAdaptationIdentifier"
    }
  ]
}
[2018-05-15 10:03:09,767] DAS sending POST /dasListener/updateAdaptationStatus to TA with BODY:
{
  "sequence": 3,
  "values": [
    {
      "errorMessages": [],
      "detailMessages": [],
      "dasOutcome": "SUCCESS",
      "adaptorIdentifier": "DummyAdapter",
      "adaptationIdentifier": "DummyAdaptationIdentifier"
    }
  ]
}
[2018-05-15 10:03:09,769] DAS sending POST /dasListener/updateValidationStatus to TA with BODY:
{
  "sequence": 4,
  "values": [
    {
      "errorMessages": [],
      "detailMessages": [],
      "testCaseReport": {
        "testCaseTarget": "DummyTarget",
        "testCaseIdentifier": "DummyTest",
        "duration": 1.337,
        "validatedFunctionality": [
          "Functionality0",
          "Functionality1"
        ]
      },
      "timestamp": 1526392988743,
      "currentState": "PENDING",
      "testIdentifier": "DummyTest",
      "adaptationIdentifier": "DummyAdaptationIdentifier",
      "validatedFunctionality": [
        "Functionality1",
        "Functionality0"
      ]
    }
  ]
}
[2018-05-15 10:03:09,771] DAS sending POST /dasListener/updateValidationStatus to TA with BODY:
{
  "sequence": 1,
  "values": [
    {
      "errorMessages": [],
      "detailMessages": [],
      "testCaseReport": {
        "testCaseTarget": "DummyTarget",
        "testCaseIdentifier": "DummyTest",
        "duration": 1.337,
        "validatedFunctionality": [
          "Functionality0",
          "Functionality1"
        ]
      },
      "timestamp": 1526392988743,
      "currentState": "PENDING",
      "testIdentifier": "DummyTest",
      "adaptationIdentifier": "DummyAdaptationIdentifier",
      "validatedFunctionality": [
        "Functionality1",
        "Functionality0"
      ]
    }
  ]
}
[2018-05-15 10:03:09,773] DAS sending POST /dasListener/updateValidationStatus to TA with BODY:
{
  "sequence": 6,
  "values": [
    {
      "errorMessages": [],
      "detailMessages": [],
      "testCaseReport": {
        "testCaseTarget": "DummyTarget",
        "testCaseIdentifier": "DummyTest",
        "duration": 1.337,
        "validatedFunctionality": [
          "Functionality0",
          "Functionality1"
        ]
      },
      "timestamp": 1526392988743,
      "currentState": "COMPLETE_PASS",
      "testIdentifier": "DummyTest",
      "adaptationIdentifier": "DummyAdaptationIdentifier",
      "validatedFunctionality": [
        "Functionality1",
        "Functionality0"
      ]
    }
  ]
}
[2018-05-15 10:03:09,775] DAS sending POST /dasListener/updateValidationStatus to TA with BODY:
{
  "sequence": 6,
  "values": [
    {
      "errorMessages": [],
      "detailMessages": [],
      "testCaseReport": {
        "testCaseTarget": "DummyTarget",
        "testCaseIdentifier": "DummyTest",
        "duration": 1.337,
        "validatedFunctionality": [
          "Functionality0",
          "Functionality1"
        ]
      },
      "timestamp": 1526392988743,
      "currentState": "COMPLETE_PASS",
      "testIdentifier": "DummyTest",
      "adaptationIdentifier": "DummyAdaptationIdentifier",
      "validatedFunctionality": [
        "Functionality1",
        "Functionality0"
      ]
    }
  ]
}
[2018-05-15 10:03:09,776] DAS received ACK 200 from sent POST /dasListener/updateAdaptationStatus to TA with no BODY
[2018-05-15 10:03:09,777] DAS received ACK 200 from sent POST /dasListener/updateAdaptationStatus to TA with no BODY
[2018-05-15 10:03:09,777] DAS sending POST /dasListener/updateAdaptationStatus to TA with BODY:
{
  "sequence": 0,
  "values": [
    {
      "errorMessages": [],
      "detailMessages": [],
      "dasOutcome": "PENDING",
      "adaptorIdentifier": "DummyAdapter",
      "adaptationIdentifier": "DummyAdaptationIdentifier"
    }
  ]
}
[2018-05-15 10:03:09,778] DAS received ACK 200 from sent POST /dasListener/updateValidationStatus to TA with no BODY
[2018-05-15 10:03:09,780] DAS received ACK 200 from sent POST /dasListener/updateValidationStatus to TA with no BODY
[2018-05-15 10:03:09,781] DAS received ACK 200 from sent POST /dasListener/updateValidationStatus to TA with no BODY
[2018-05-15 10:03:09,784] DAS received ACK 200 from sent POST /dasListener/updateValidationStatus to TA with no BODY
[2018-05-15 10:03:37,253] DAS sending POST /dasListener/updateValidationStatus to TA with BODY:
{
  "sequence": 0,
  "values": [
    {
      "errorMessages": [],
      "detailMessages": [],
      "testCaseReport": {
        "testCaseTarget": "DummyTarget",
        "testCaseIdentifier": "DummyTest",
        "duration": 1.337,
        "validatedFunctionality": [
          "Functionality0",
          "Functionality1"
        ]
      },
      "timestamp": 1526393017248,
      "currentState": "PENDING",
      "testIdentifier": "DummyTest",
      "adaptationIdentifier": "DummyAdaptationIdentifier",
      "validatedFunctionality": [
        "Functionality1",
        "Functionality0"
      ]
    }
  ]
}
[2018-05-15 10:03:38,273] DAS sending POST /dasListener/updateValidationStatus to TA with BODY:
{
  "sequence": 1,
  "values": [
    {
      "errorMessages": [],
      "detailMessages": [],
      "testCaseReport": {
        "testCaseTarget": "DummyTarget",
        "testCaseIdentifier": "DummyTest",
        "duration": 1.337,
        "validatedFunctionality": [
          "Functionality0",
          "Functionality1"
        ]
      },
      "timestamp": 1526393017249,
      "currentState": "RUNNING",
      "testIdentifier": "DummyTest",
      "adaptationIdentifier": "DummyAdaptationIdentifier",
      "validatedFunctionality": [
        "Functionality1",
        "Functionality0"
      ]
    }
  ]
}
[2018-05-15 10:03:38,275] DAS sending POST /dasListener/updateValidationStatus to TA with BODY:
{
  "sequence": 2,
  "values": [
    {
      "testCaseReport": {
        "testCaseTarget": "DummyTarget",
        "testCaseIdentifier": "DummyTest",
        "duration": 1.337,
        "validatedFunctionality": [
          "Functionality0",
          "Functionality1"
        ]
      },
      "timestamp": 1526393017248,
      "currentState": "COMPLETE_PASS",
      "testIdentifier": "DummyTest",
      "adaptationIdentifier": "DummyAdaptationIdentifier",
      "validatedFunctionality": [
        "Functionality1",
        "Functionality0"
      ]
    }
  ]
}
[2018-05-15 10:03:38,302] DAS received ACK 200 from sent POST /dasListener/updateValidationStatus to TA with no BODY
[2018-05-15 10:03:38,303] DAS received ACK 200 from sent POST /dasListener/updateValidationStatus to TA with no BODY
[2018-05-15 10:04:05,740] DAS sending POST /dasListener/updateValidationStatus to TA with BODY:
{
  "sequence": 0,
  "values": [
    {
      "errorMessages": [],
      "detailMessages": [],
      "testCaseReport": {
        "testCaseTarget": "DummyTarget",
        "testCaseIdentifier": "DummyTest",
        "duration": 1.337,
        "failureMessage": "FAILED",
        "validatedFunctionality": [
          "Functionality0",
          "Functionality1"
        ]
      },
      "timestamp": 1526393045737,
      "currentState": "PENDING",
      "testIdentifier": "DummyTest",
      "adaptationIdentifier": "DummyAdaptationIdentifier",
      "validatedFunctionality": [
        "Functionality1",
        "Functionality0"
      ]
    }
  ]
}
[2018-05-15 10:04:06,753] DAS sending POST /dasListener/updateValidationStatus to TA with BODY:
{
  "sequence": 1,
  "values": [
    {
      "errorMessages": [],
      "detailMessages": [],
      "testCaseReport": {
        "testCaseTarget": "DummyTarget",
        "testCaseIdentifier": "DummyTest",
        "duration": 1.337,
        "failureMessage": "FAILED",
        "validatedFunctionality": [
          "Functionality0",
          "Functionality1"
        ]
      },
      "timestamp": 1526393045737,
      "currentState": "RUNNING",
      "testIdentifier": "DummyTest",
      "adaptationIdentifier": "DummyAdaptationIdentifier",
      "validatedFunctionality": [
        "Functionality1",
        "Functionality0"
      ]
    }
  ]
}
[2018-05-15 10:04:06,755] DAS sending POST /dasListener/updateValidationStatus to TA with BODY:
{
  "sequence": 2,
  "values": [
    {
      "testCaseReport": {
        "testCaseTarget": "DummyTarget",
        "testCaseIdentifier": "DummyTest",
        "duration": 1.337,
        "failureMessage": "FAILED",
        "validatedFunctionality": [
          "Functionality0",
          "Functionality1"
        ]
      },
      "timestamp": 1526393045736,
      "currentState": "COMPLETE_FAIL",
      "testIdentifier": "DummyTest",
      "adaptationIdentifier": "DummyAdaptationIdentifier",
      "validatedFunctionality": [
        "Functionality1",
        "Functionality0"
      ]
    }
  ]
}
[2018-05-15 10:04:06,777] DAS received ACK 200 from sent POST /dasListener/updateValidationStatus to TA with no BODY
[2018-05-15 10:04:06,778] DAS received ACK 200 from sent POST /dasListener/updateValidationStatus to TA with no BODY
[2018-05-15 10:04:34,095] DAS sending POST /dasListener/updateValidationStatus to TA with BODY:
{
  "sequence": 5,
  "values": [
    {
      "errorMessages": [],
      "detailMessages": [],
      "testCaseReport": {
        "testCaseTarget": "DummyTarget",
        "testCaseIdentifier": "DummyTest",
        "duration": 1.337,
        "validatedFunctionality": [
          "Functionality0",
          "Functionality1"
        ]
      },
      "timestamp": 1526393074089,
      "currentState": "RUNNING",
      "testIdentifier": "DummyTest",
      "adaptationIdentifier": "DummyAdaptationIdentifier",
      "validatedFunctionality": [
        "Functionality1",
        "Functionality0"
      ]
    }
  ]
}
[2018-05-15 10:04:35,109] DAS sending POST /dasListener/updateAdaptationStatus to TA with BODY:
{
  "sequence": 2,
  "values": [
    {
      "errorMessages": [],
      "detailMessages": [],
      "dasOutcome": "RUNNING",
      "adaptorIdentifier": "DummyAdapter",
      "adaptationIdentifier": "DummyAdaptationIdentifier"
    }
  ]
}
[2018-05-15 10:04:35,111] DAS sending POST /dasListener/updateAdaptationStatus to TA with BODY:
{
  "sequence": 3,
  "values": [
    {
      "errorMessages": [],
      "detailMessages": [],
      "dasOutcome": "SUCCESS",
      "adaptorIdentifier": "DummyAdapter",
      "adaptationIdentifier": "DummyAdaptationIdentifier"
    }
  ]
}
[2018-05-15 10:04:35,113] DAS sending POST /dasListener/updateValidationStatus to TA with BODY:
{
  "sequence": 4,
  "values": [
    {
      "errorMessages": [],
      "detailMessages": [],
      "testCaseReport": {
        "testCaseTarget": "DummyTarget",
        "testCaseIdentifier": "DummyTest",
        "duration": 1.337,
        "validatedFunctionality": [
          "Functionality0",
          "Functionality1"
        ]
      },
      "timestamp": 1526393074089,
      "currentState": "PENDING",
      "testIdentifier": "DummyTest",
      "adaptationIdentifier": "DummyAdaptationIdentifier",
      "validatedFunctionality": [
        "Functionality1",
        "Functionality0"
      ]
    }
  ]
}
[2018-05-15 10:04:35,115] DAS sending POST /dasListener/updateValidationStatus to TA with BODY:
{
  "sequence": 1,
  "values": [
    {
      "errorMessages": [],
      "detailMessages": [],
      "testCaseReport": {
        "testCaseTarget": "DummyTarget",
        "testCaseIdentifier": "DummyTest",
        "duration": 1.337,
        "validatedFunctionality": [
          "Functionality0",
          "Functionality1"
        ]
      },
      "timestamp": 1526393074089,
      "currentState": "PENDING",
      "testIdentifier": "DummyTest",
      "adaptationIdentifier": "DummyAdaptationIdentifier",
      "validatedFunctionality": [
        "Functionality1",
        "Functionality0"
      ]
    }
  ]
}
[2018-05-15 10:04:35,118] DAS sending POST /dasListener/updateValidationStatus to TA with BODY:
{
  "sequence": 6,
  "values": [
    {
      "errorMessages": [],
      "detailMessages": [],
      "testCaseReport": {
        "testCaseTarget": "DummyTarget",
        "testCaseIdentifier": "DummyTest",
        "duration": 1.337,
        "validatedFunctionality": [
          "Functionality0",
          "Functionality1"
        ]
      },
      "timestamp": 1526393074089,
      "currentState": "COMPLETE_PASS",
      "testIdentifier": "DummyTest",
      "adaptationIdentifier": "DummyAdaptationIdentifier",
      "validatedFunctionality": [
        "Functionality1",
        "Functionality0"
      ]
    }
  ]
}
[2018-05-15 10:04:35,119] DAS sending POST /dasListener/updateValidationStatus to TA with BODY:
{
  "sequence": 6,
  "values": [
    {
      "errorMessages": [],
      "detailMessages": [],
      "testCaseReport": {
        "testCaseTarget": "DummyTarget",
        "testCaseIdentifier": "DummyTest",
        "duration": 1.337,
        "validatedFunctionality": [
          "Functionality0",
          "Functionality1"
        ]
      },
      "timestamp": 1526393074089,
      "currentState": "COMPLETE_PASS",
      "testIdentifier": "DummyTest",
      "adaptationIdentifier": "DummyAdaptationIdentifier",
      "validatedFunctionality": [
        "Functionality1",
        "Functionality0"
      ]
    }
  ]
}
[2018-05-15 10:04:35,121] DAS sending POST /dasListener/updateAdaptationStatus to TA with BODY:
{
  "sequence": 0,
  "values": [
    {
      "errorMessages": [],
      "detailMessages": [],
      "dasOutcome": "PENDING",
      "adaptorIdentifier": "DummyAdapter",
      "adaptationIdentifier": "DummyAdaptationIdentifier"
    }
  ]
}
[2018-05-15 10:04:35,121] DAS received ACK 200 from sent POST /dasListener/updateAdaptationStatus to TA with no BODY
[2018-05-15 10:04:35,122] DAS received ACK 200 from sent POST /dasListener/updateValidationStatus to TA with no BODY
[2018-05-15 10:04:35,122] DAS received ACK 200 from sent POST /dasListener/updateAdaptationStatus to TA with no BODY
[2018-05-15 10:04:35,123] DAS received ACK 200 from sent POST /dasListener/updateValidationStatus to TA with no BODY
[2018-05-15 10:04:35,126] DAS received ACK 200 from sent POST /dasListener/updateValidationStatus to TA with no BODY
[2018-05-15 10:04:35,129] DAS received ACK 200 from sent POST /dasListener/updateValidationStatus to TA with no BODY
[2018-05-15 10:04:35,129] DAS received ACK 200 from sent POST /dasListener/updateValidationStatus to TA with no BODY
[2018-05-15 10:05:02,464] DAS sending POST /dasListener/updateValidationStatus to TA with BODY:
{
  "sequence": 0,
  "values": [
    {
      "errorMessages": [],
      "detailMessages": [],
      "testCaseReport": {
        "testCaseTarget": "DummyTarget",
        "testCaseIdentifier": "DummyTest",
        "duration": 1.337,
        "validatedFunctionality": [
          "Functionality0",
          "Functionality1"
        ]
      },
      "timestamp": 1526393102460,
      "currentState": "PENDING",
      "testIdentifier": "DummyTest",
      "adaptationIdentifier": "DummyAdaptationIdentifier",
      "validatedFunctionality": [
        "Functionality1",
        "Functionality0"
      ]
    }
  ]
}
[2018-05-15 10:05:03,480] DAS sending POST /dasListener/updateValidationStatus to TA with BODY:
{
  "sequence": 1,
  "values": [
    {
      "errorMessages": [],
      "detailMessages": [],
      "testCaseReport": {
        "testCaseTarget": "DummyTarget",
        "testCaseIdentifier": "DummyTest",
        "duration": 1.337,
        "validatedFunctionality": [
          "Functionality0",
          "Functionality1"
        ]
      },
      "timestamp": 1526393102460,
      "currentState": "RUNNING",
      "testIdentifier": "DummyTest",
      "adaptationIdentifier": "DummyAdaptationIdentifier",
      "validatedFunctionality": [
        "Functionality1",
        "Functionality0"
      ]
    }
  ]
}
[2018-05-15 10:05:03,482] DAS sending POST /dasListener/updateValidationStatus to TA with BODY:
{
  "sequence": 2,
  "values": [
    {
      "testCaseReport": {
        "testCaseTarget": "DummyTarget",
        "testCaseIdentifier": "DummyTest",
        "duration": 1.337,
        "validatedFunctionality": [
          "Functionality0",
          "Functionality1"
        ]
      },
      "timestamp": 1526393102460,
      "currentState": "COMPLETE_PASS",
      "testIdentifier": "DummyTest",
      "adaptationIdentifier": "DummyAdaptationIdentifier",
      "validatedFunctionality": [
        "Functionality1",
        "Functionality0"
      ]
    }
  ]
}
[2018-05-15 10:05:03,503] DAS received ACK 200 from sent POST /dasListener/updateValidationStatus to TA with no BODY
[2018-05-15 10:05:03,504] DAS received ACK 200 from sent POST /dasListener/updateValidationStatus to TA with no BODY
[2018-05-15 10:05:30,851] DAS sending POST /dasListener/updateValidationStatus to TA with BODY:
{
  "sequence": 0,
  "values": [
    {
      "errorMessages": [],
      "detailMessages": [],
      "testCaseReport": {
        "testCaseTarget": "DummyTarget",
        "testCaseIdentifier": "DummyTest",
        "duration": 1.337,
        "failureMessage": "FAILED",
        "validatedFunctionality": [
          "Functionality0",
          "Functionality1"
        ]
      },
      "timestamp": 1526393130849,
      "currentState": "PENDING",
      "testIdentifier": "DummyTest",
      "adaptationIdentifier": "DummyAdaptationIdentifier",
      "validatedFunctionality": [
        "Functionality1",
        "Functionality0"
      ]
    }
  ]
}
[2018-05-15 10:05:31,868] DAS sending POST /dasListener/updateValidationStatus to TA with BODY:
{
  "sequence": 1,
  "values": [
    {
      "errorMessages": [],
      "detailMessages": [],
      "testCaseReport": {
        "testCaseTarget": "DummyTarget",
        "testCaseIdentifier": "DummyTest",
        "duration": 1.337,
        "failureMessage": "FAILED",
        "validatedFunctionality": [
          "Functionality0",
          "Functionality1"
        ]
      },
      "timestamp": 1526393130849,
      "currentState": "RUNNING",
      "testIdentifier": "DummyTest",
      "adaptationIdentifier": "DummyAdaptationIdentifier",
      "validatedFunctionality": [
        "Functionality1",
        "Functionality0"
      ]
    }
  ]
}
[2018-05-15 10:05:31,870] DAS sending POST /dasListener/updateValidationStatus to TA with BODY:
{
  "sequence": 2,
  "values": [
    {
      "testCaseReport": {
        "testCaseTarget": "DummyTarget",
        "testCaseIdentifier": "DummyTest",
        "duration": 1.337,
        "failureMessage": "FAILED",
        "validatedFunctionality": [
          "Functionality0",
          "Functionality1"
        ]
      },
      "timestamp": 1526393130849,
      "currentState": "COMPLETE_FAIL",
      "testIdentifier": "DummyTest",
      "adaptationIdentifier": "DummyAdaptationIdentifier",
      "validatedFunctionality": [
        "Functionality1",
        "Functionality0"
      ]
    }
  ]
}
[2018-05-15 10:05:31,892] DAS received ACK 200 from sent POST /dasListener/updateValidationStatus to TA with no BODY
[2018-05-15 10:05:31,892] DAS received ACK 200 from sent POST /dasListener/updateValidationStatus to TA with no BODY
[2018-05-15 10:05:59,230] DAS sending POST /dasListener/updateValidationStatus to TA with BODY:
{
  "sequence": 5,
  "values": [
    {
      "errorMessages": [],
      "detailMessages": [],
      "testCaseReport": {
        "testCaseTarget": "DummyTarget",
        "testCaseIdentifier": "DummyTest",
        "duration": 1.337,
        "validatedFunctionality": [
          "Functionality0",
          "Functionality1"
        ]
      },
      "timestamp": 1526393159222,
      "currentState": "RUNNING",
      "testIdentifier": "DummyTest",
      "adaptationIdentifier": "DummyAdaptationIdentifier",
      "validatedFunctionality": [
        "Functionality1",
        "Functionality0"
      ]
    }
  ]
}
[2018-05-15 10:06:00,247] DAS sending POST /dasListener/updateAdaptationStatus to TA with BODY:
{
  "sequence": 2,
  "values": [
    {
      "errorMessages": [],
      "detailMessages": [],
      "dasOutcome": "RUNNING",
      "adaptorIdentifier": "DummyAdapter",
      "adaptationIdentifier": "DummyAdaptationIdentifier"
    }
  ]
}
[2018-05-15 10:06:00,249] DAS sending POST /dasListener/updateAdaptationStatus to TA with BODY:
{
  "sequence": 3,
  "values": [
    {
      "errorMessages": [],
      "detailMessages": [],
      "dasOutcome": "SUCCESS",
      "adaptorIdentifier": "DummyAdapter",
      "adaptationIdentifier": "DummyAdaptationIdentifier"
    }
  ]
}
[2018-05-15 10:06:00,251] DAS sending POST /dasListener/updateValidationStatus to TA with BODY:
{
  "sequence": 4,
  "values": [
    {
      "errorMessages": [],
      "detailMessages": [],
      "testCaseReport": {
        "testCaseTarget": "DummyTarget",
        "testCaseIdentifier": "DummyTest",
        "duration": 1.337,
        "validatedFunctionality": [
          "Functionality0",
          "Functionality1"
        ]
      },
      "timestamp": 1526393159222,
      "currentState": "PENDING",
      "testIdentifier": "DummyTest",
      "adaptationIdentifier": "DummyAdaptationIdentifier",
      "validatedFunctionality": [
        "Functionality1",
        "Functionality0"
      ]
    }
  ]
}
[2018-05-15 10:06:00,253] DAS sending POST /dasListener/updateValidationStatus to TA with BODY:
{
  "sequence": 1,
  "values": [
    {
      "errorMessages": [],
      "detailMessages": [],
      "testCaseReport": {
        "testCaseTarget": "DummyTarget",
        "testCaseIdentifier": "DummyTest",
        "duration": 1.337,
        "validatedFunctionality": [
          "Functionality0",
          "Functionality1"
        ]
      },
      "timestamp": 1526393159222,
      "currentState": "PENDING",
      "testIdentifier": "DummyTest",
      "adaptationIdentifier": "DummyAdaptationIdentifier",
      "validatedFunctionality": [
        "Functionality1",
        "Functionality0"
      ]
    }
  ]
}
[2018-05-15 10:06:00,256] DAS sending POST /dasListener/updateValidationStatus to TA with BODY:
{
  "sequence": 6,
  "values": [
    {
      "errorMessages": [],
      "detailMessages": [],
      "testCaseReport": {
        "testCaseTarget": "DummyTarget",
        "testCaseIdentifier": "DummyTest",
        "duration": 1.337,
        "validatedFunctionality": [
          "Functionality0",
          "Functionality1"
        ]
      },
      "timestamp": 1526393159223,
      "currentState": "COMPLETE_PASS",
      "testIdentifier": "DummyTest",
      "adaptationIdentifier": "DummyAdaptationIdentifier",
      "validatedFunctionality": [
        "Functionality1",
        "Functionality0"
      ]
    }
  ]
}
[2018-05-15 10:06:00,258] DAS sending POST /dasListener/updateValidationStatus to TA with BODY:
{
  "sequence": 6,
  "values": [
    {
      "errorMessages": [],
      "detailMessages": [],
      "testCaseReport": {
        "testCaseTarget": "DummyTarget",
        "testCaseIdentifier": "DummyTest",
        "duration": 1.337,
        "validatedFunctionality": [
          "Functionality0",
          "Functionality1"
        ]
      },
      "timestamp": 1526393159223,
      "currentState": "COMPLETE_PASS",
      "testIdentifier": "DummyTest",
      "adaptationIdentifier": "DummyAdaptationIdentifier",
      "validatedFunctionality": [
        "Functionality1",
        "Functionality0"
      ]
    }
  ]
}
[2018-05-15 10:06:00,260] DAS received ACK 200 from sent POST /dasListener/updateValidationStatus to TA with no BODY
[2018-05-15 10:06:00,261] DAS sending POST /dasListener/updateAdaptationStatus to TA with BODY:
{
  "sequence": 0,
  "values": [
    {
      "errorMessages": [],
      "detailMessages": [],
      "dasOutcome": "PENDING",
      "adaptorIdentifier": "DummyAdapter",
      "adaptationIdentifier": "DummyAdaptationIdentifier"
    }
  ]
}
[2018-05-15 10:06:00,261] DAS received ACK 200 from sent POST /dasListener/updateAdaptationStatus to TA with no BODY
[2018-05-15 10:06:00,261] DAS received ACK 200 from sent POST /dasListener/updateAdaptationStatus to TA with no BODY
[2018-05-15 10:06:00,264] DAS received ACK 200 from sent POST /dasListener/updateValidationStatus to TA with no BODY
[2018-05-15 10:06:00,265] DAS received ACK 200 from sent POST /dasListener/updateValidationStatus to TA with no BODY
[2018-05-15 10:06:00,321] DAS received ACK 200 from sent POST /dasListener/updateAdaptationStatus to TA with no BODY
