
BUILD FAILED
/Users/awellman/Documents/workspaces/clean/immortals/repo/staging/immortals_root/DAS_DEPLOYMENT/_voltdb/build.xml:27: Execute failed: java.io.IOException: Cannot run program "${env.VOLTDB_HOME}/bin/voltdb" (in directory "/Users/awellman/Documents/workspaces/clean/immortals/repo/staging/immortals_root/DAS_DEPLOYMENT/_voltdb"): error=2, No such file or directory
	at java.lang.ProcessBuilder.start(ProcessBuilder.java:1048)
	at java.lang.Runtime.exec(Runtime.java:620)
	at org.apache.tools.ant.taskdefs.launcher.Java13CommandLauncher.exec(Java13CommandLauncher.java:58)
	at org.apache.tools.ant.taskdefs.Execute.launch(Execute.java:426)
	at org.apache.tools.ant.taskdefs.Execute.execute(Execute.java:440)
	at org.apache.tools.ant.taskdefs.ExecTask.runExecute(ExecTask.java:629)
	at org.apache.tools.ant.taskdefs.ExecTask.runExec(ExecTask.java:670)
	at org.apache.tools.ant.taskdefs.ExecTask.execute(ExecTask.java:496)
	at org.apache.tools.ant.UnknownElement.execute(UnknownElement.java:293)
	at sun.reflect.NativeMethodAccessorImpl.invoke0(Native Method)
	at sun.reflect.NativeMethodAccessorImpl.invoke(NativeMethodAccessorImpl.java:62)
	at sun.reflect.DelegatingMethodAccessorImpl.invoke(DelegatingMethodAccessorImpl.java:43)
	at java.lang.reflect.Method.invoke(Method.java:498)
	at org.apache.tools.ant.dispatch.DispatchUtils.execute(DispatchUtils.java:106)
	at org.apache.tools.ant.Task.perform(Task.java:348)
	at org.apache.tools.ant.Target.execute(Target.java:435)
	at org.apache.tools.ant.Target.performTasks(Target.java:456)
	at org.apache.tools.ant.Project.executeSortedTargets(Project.java:1405)
	at org.apache.tools.ant.Project.executeTarget(Project.java:1376)
	at org.apache.tools.ant.helper.DefaultExecutor.executeTargets(DefaultExecutor.java:41)
	at org.apache.tools.ant.Project.executeTargets(Project.java:1260)
	at org.apache.tools.ant.Main.runBuild(Main.java:857)
	at org.apache.tools.ant.Main.startAnt(Main.java:236)
	at org.apache.tools.ant.launch.Launcher.run(Launcher.java:287)
	at org.apache.tools.ant.launch.Launcher.main(Launcher.java:113)
Caused by: java.io.IOException: error=2, No such file or directory
	at java.lang.UNIXProcess.forkAndExec(Native Method)
	at java.lang.UNIXProcess.<init>(UNIXProcess.java:247)
	at java.lang.ProcessImpl.start(ProcessImpl.java:134)
	at java.lang.ProcessBuilder.start(ProcessBuilder.java:1029)
	... 24 more

Total time: 0 seconds
